{"/Users/chastlyregino/Documents/Tech Stuff/GitRepos/DERN_NERD/photoComp/PhotoComp--React-Cypress/src/App.tsx": {"path":"/Users/chastlyregino/Documents/Tech Stuff/GitRepos/DERN_NERD/photoComp/PhotoComp--React-Cypress/src/App.tsx","statementMap":{"0":{"start":{"line":1,"column":0},"end":{"line":1,"column":49}},"1":{"start":{"line":3,"column":0},"end":{"line":3,"column":37}},"2":{"start":{"line":4,"column":0},"end":{"line":4,"column":49}},"3":{"start":{"line":5,"column":0},"end":{"line":5,"column":40}},"4":{"start":{"line":6,"column":0},"end":{"line":6,"column":46}},"5":{"start":{"line":7,"column":0},"end":{"line":7,"column":55}},"6":{"start":{"line":8,"column":0},"end":{"line":8,"column":68}},"7":{"start":{"line":9,"column":0},"end":{"line":9,"column":55}},"8":{"start":{"line":10,"column":0},"end":{"line":10,"column":47}},"9":{"start":{"line":11,"column":0},"end":{"line":11,"column":47}},"10":{"start":{"line":12,"column":0},"end":{"line":12,"column":79}},"11":{"start":{"line":13,"column":0},"end":{"line":13,"column":53}},"12":{"start":{"line":14,"column":0},"end":{"line":14,"column":70}},"13":{"start":{"line":15,"column":0},"end":{"line":15,"column":93}},"14":{"start":{"line":16,"column":0},"end":{"line":16,"column":36}},"15":{"start":{"line":17,"column":0},"end":{"line":17,"column":63}},"16":{"start":{"line":18,"column":0},"end":{"line":18,"column":53}},"17":{"start":{"line":19,"column":0},"end":{"line":19,"column":69}},"18":{"start":{"line":20,"column":0},"end":{"line":20,"column":69}},"19":{"start":{"line":21,"column":0},"end":{"line":21,"column":76}},"20":{"start":{"line":22,"column":0},"end":{"line":22,"column":55}},"21":{"start":{"line":25,"column":4},"end":{"line":120,"column":6}},"22":{"start":{"line":123,"column":0},"end":{"line":123,"column":19}}},"fnMap":{"0":{"name":"App","decl":{"start":{"line":24,"column":9},"end":{"line":24,"column":12}},"loc":{"start":{"line":24,"column":12},"end":{"line":121,"column":1}}}},"branchMap":{},"s":{"0":0,"1":0,"2":0,"3":0,"4":0,"5":0,"6":0,"7":0,"8":0,"9":0,"10":0,"11":0,"12":0,"13":0,"14":0,"15":0,"16":0,"17":0,"18":0,"19":0,"20":0,"21":0,"22":0},"f":{"0":0},"b":{}}
,"/Users/chastlyregino/Documents/Tech Stuff/GitRepos/DERN_NERD/photoComp/PhotoComp--React-Cypress/src/main.tsx": {"path":"/Users/chastlyregino/Documents/Tech Stuff/GitRepos/DERN_NERD/photoComp/PhotoComp--React-Cypress/src/main.tsx","statementMap":{"0":{"start":{"line":1,"column":0},"end":{"line":1,"column":42}},"1":{"start":{"line":2,"column":0},"end":{"line":2,"column":50}},"2":{"start":{"line":3,"column":0},"end":{"line":3,"column":29}},"3":{"start":{"line":4,"column":0},"end":{"line":4,"column":29}},"4":{"start":{"line":5,"column":0},"end":{"line":5,"column":27}},"5":{"start":{"line":6,"column":0},"end":{"line":6,"column":38}},"6":{"start":{"line":7,"column":0},"end":{"line":7,"column":34}},"7":{"start":{"line":8,"column":0},"end":{"line":8,"column":30}},"8":{"start":{"line":9,"column":0},"end":{"line":9,"column":29}},"9":{"start":{"line":10,"column":0},"end":{"line":10,"column":35}},"10":{"start":{"line":11,"column":0},"end":{"line":11,"column":38}},"11":{"start":{"line":12,"column":0},"end":{"line":12,"column":41}},"12":{"start":{"line":13,"column":0},"end":{"line":13,"column":33}},"13":{"start":{"line":14,"column":0},"end":{"line":14,"column":29}},"14":{"start":{"line":15,"column":0},"end":{"line":15,"column":35}},"15":{"start":{"line":17,"column":0},"end":{"line":17,"column":35}},"16":{"start":{"line":18,"column":0},"end":{"line":18,"column":46}},"17":{"start":{"line":19,"column":0},"end":{"line":19,"column":49}},"18":{"start":{"line":20,"column":0},"end":{"line":20,"column":24}},"19":{"start":{"line":22,"column":0},"end":{"line":22,"column":50}},"20":{"start":{"line":24,"column":0},"end":{"line":32,"column":2}}},"fnMap":{},"branchMap":{},"s":{"0":0,"1":0,"2":0,"3":0,"4":0,"5":0,"6":0,"7":0,"8":0,"9":0,"10":0,"11":0,"12":0,"13":0,"14":0,"15":0,"16":0,"17":0,"18":0,"19":0,"20":0},"f":{},"b":{}}
,"/Users/chastlyregino/Documents/Tech Stuff/GitRepos/DERN_NERD/photoComp/PhotoComp--React-Cypress/src/components/Gallery.tsx": {"path":"/Users/chastlyregino/Documents/Tech Stuff/GitRepos/DERN_NERD/photoComp/PhotoComp--React-Cypress/src/components/Gallery.tsx","statementMap":{"0":{"start":{"line":1,"column":0},"end":{"line":1,"column":26}},"1":{"start":{"line":2,"column":0},"end":{"line":2,"column":50}},"2":{"start":{"line":3,"column":0},"end":{"line":3,"column":38}},"3":{"start":{"line":4,"column":0},"end":{"line":4,"column":38}},"4":{"start":{"line":5,"column":0},"end":{"line":5,"column":58}},"5":{"start":{"line":6,"column":0},"end":{"line":6,"column":50}},"6":{"start":{"line":13,"column":40},"end":{"line":36,"column":1}},"7":{"start":{"line":14,"column":4},"end":{"line":35,"column":6}},"8":{"start":{"line":18,"column":20},"end":{"line":19,"column":null}},"9":{"start":{"line":38,"column":0},"end":{"line":38,"column":23}}},"fnMap":{"0":{"name":"(anonymous_1)","decl":{"start":{"line":13,"column":40},"end":{"line":13,"column":41}},"loc":{"start":{"line":13,"column":96},"end":{"line":36,"column":1}}},"1":{"name":"(anonymous_2)","decl":{"start":{"line":17,"column":27},"end":{"line":17,"column":31}},"loc":{"start":{"line":18,"column":20},"end":{"line":19,"column":null}}}},"branchMap":{"0":{"loc":{"start":{"line":13,"column":50},"end":{"line":13,"column":71}},"type":"default-arg","locations":[{"start":{"line":13,"column":57},"end":{"line":13,"column":71}}]},"1":{"loc":{"start":{"line":13,"column":73},"end":{"line":13,"column":90}},"type":"default-arg","locations":[{"start":{"line":13,"column":86},"end":{"line":13,"column":90}}]},"2":{"loc":{"start":{"line":26,"column":25},"end":{"line":29,"column":null}},"type":"cond-expr","locations":[{"start":{"line":27,"column":28},"end":{"line":27,"column":82}},{"start":{"line":29,"column":28},"end":{"line":29,"column":64}}]}},"s":{"0":0,"1":0,"2":0,"3":0,"4":0,"5":0,"6":0,"7":0,"8":0,"9":0},"f":{"0":0,"1":0},"b":{"0":[0],"1":[0],"2":[0,0]}}
,"/Users/chastlyregino/Documents/Tech Stuff/GitRepos/DERN_NERD/photoComp/PhotoComp--React-Cypress/src/components/OrganizationCard.tsx": {"path":"/Users/chastlyregino/Documents/Tech Stuff/GitRepos/DERN_NERD/photoComp/PhotoComp--React-Cypress/src/components/OrganizationCard.tsx","statementMap":{"0":{"start":{"line":1,"column":0},"end":{"line":1,"column":26}},"1":{"start":{"line":2,"column":0},"end":{"line":2,"column":40}},"2":{"start":{"line":3,"column":0},"end":{"line":3,"column":44}},"3":{"start":{"line":9,"column":49},"end":{"line":26,"column":1}},"4":{"start":{"line":10,"column":4},"end":{"line":25,"column":6}},"5":{"start":{"line":28,"column":0},"end":{"line":28,"column":32}}},"fnMap":{"0":{"name":"(anonymous_1)","decl":{"start":{"line":9,"column":49},"end":{"line":9,"column":50}},"loc":{"start":{"line":9,"column":63},"end":{"line":26,"column":1}}}},"branchMap":{},"s":{"0":0,"1":0,"2":0,"3":0,"4":0,"5":0},"f":{"0":0},"b":{}}
,"/Users/chastlyregino/Documents/Tech Stuff/GitRepos/DERN_NERD/photoComp/PhotoComp--React-Cypress/src/components/PhotoCarousel/PhotoCarousel.tsx": {"path":"/Users/chastlyregino/Documents/Tech Stuff/GitRepos/DERN_NERD/photoComp/PhotoComp--React-Cypress/src/components/PhotoCarousel/PhotoCarousel.tsx","statementMap":{"0":{"start":{"line":1,"column":0},"end":{"line":1,"column":63}},"1":{"start":{"line":2,"column":0},"end":{"line":2,"column":null}},"2":{"start":{"line":12,"column":0},"end":{"line":12,"column":75}},"3":{"start":{"line":13,"column":0},"end":{"line":13,"column":58}},"4":{"start":{"line":14,"column":0},"end":{"line":14,"column":65}},"5":{"start":{"line":15,"column":0},"end":{"line":15,"column":52}},"6":{"start":{"line":16,"column":0},"end":{"line":16,"column":84}},"7":{"start":{"line":17,"column":0},"end":{"line":17,"column":58}},"8":{"start":{"line":27,"column":64},"end":{"line":423,"column":1}},"9":{"start":{"line":34,"column":21},"end":{"line":34,"column":34}},"10":{"start":{"line":35,"column":21},"end":{"line":35,"column":44}},"11":{"start":{"line":36,"column":32},"end":{"line":36,"column":53}},"12":{"start":{"line":37,"column":34},"end":{"line":37,"column":57}},"13":{"start":{"line":38,"column":30},"end":{"line":38,"column":59}},"14":{"start":{"line":39,"column":42},"end":{"line":39,"column":99}},"15":{"start":{"line":40,"column":42},"end":{"line":40,"column":66}},"16":{"start":{"line":41,"column":42},"end":{"line":41,"column":71}},"17":{"start":{"line":42,"column":44},"end":{"line":42,"column":67}},"18":{"start":{"line":45,"column":4},"end":{"line":71,"column":24}},"19":{"start":{"line":46,"column":30},"end":{"line":68,"column":9}},"20":{"start":{"line":47,"column":12},"end":{"line":67,"column":13}},"21":{"start":{"line":48,"column":16},"end":{"line":64,"column":17}},"22":{"start":{"line":49,"column":20},"end":{"line":49,"column":42}},"23":{"start":{"line":50,"column":37},"end":{"line":50,"column":74}},"24":{"start":{"line":51,"column":20},"end":{"line":58,"column":21}},"25":{"start":{"line":57,"column":24},"end":{"line":57,"column":75}},"26":{"start":{"line":60,"column":20},"end":{"line":60,"column":68}},"27":{"start":{"line":61,"column":20},"end":{"line":61,"column":41}},"28":{"start":{"line":63,"column":20},"end":{"line":63,"column":43}},"29":{"start":{"line":66,"column":16},"end":{"line":66,"column":39}},"30":{"start":{"line":70,"column":8},"end":{"line":70,"column":24}},"31":{"start":{"line":73,"column":4},"end":{"line":93,"column":27}},"32":{"start":{"line":74,"column":28},"end":{"line":90,"column":9}},"33":{"start":{"line":75,"column":12},"end":{"line":89,"column":13}},"34":{"start":{"line":76,"column":16},"end":{"line":76,"column":33}},"35":{"start":{"line":77,"column":33},"end":{"line":77,"column":69}},"36":{"start":{"line":79,"column":16},"end":{"line":83,"column":17}},"37":{"start":{"line":80,"column":20},"end":{"line":80,"column":52}},"38":{"start":{"line":82,"column":20},"end":{"line":82,"column":63}},"39":{"start":{"line":85,"column":16},"end":{"line":85,"column":61}},"40":{"start":{"line":86,"column":16},"end":{"line":86,"column":50}},"41":{"start":{"line":88,"column":16},"end":{"line":88,"column":34}},"42":{"start":{"line":92,"column":8},"end":{"line":92,"column":22}},"43":{"start":{"line":96,"column":4},"end":{"line":122,"column":61}},"44":{"start":{"line":97,"column":31},"end":{"line":119,"column":9}},"45":{"start":{"line":98,"column":12},"end":{"line":118,"column":13}},"46":{"start":{"line":99,"column":37},"end":{"line":99,"column":56}},"47":{"start":{"line":102,"column":16},"end":{"line":117,"column":17}},"48":{"start":{"line":103,"column":20},"end":{"line":116,"column":21}},"49":{"start":{"line":104,"column":24},"end":{"line":104,"column":45}},"50":{"start":{"line":105,"column":41},"end":{"line":105,"column":94}},"51":{"start":{"line":107,"column":24},"end":{"line":111,"column":25}},"52":{"start":{"line":108,"column":28},"end":{"line":110,"column":30}},"53":{"start":{"line":109,"column":32},"end":{"line":109,"column":86}},"54":{"start":{"line":113,"column":24},"end":{"line":113,"column":73}},"55":{"start":{"line":115,"column":24},"end":{"line":115,"column":46}},"56":{"start":{"line":121,"column":8},"end":{"line":121,"column":25}},"57":{"start":{"line":124,"column":25},"end":{"line":126,"column":5}},"58":{"start":{"line":125,"column":8},"end":{"line":125,"column":37}},"59":{"start":{"line":129,"column":28},"end":{"line":134,"column":5}},"60":{"start":{"line":130,"column":8},"end":{"line":133,"column":9}},"61":{"start":{"line":131,"column":33},"end":{"line":131,"column":52}},"62":{"start":{"line":132,"column":12},"end":{"line":132,"column":98}},"63":{"start":{"line":137,"column":28},"end":{"line":147,"column":5}},"64":{"start":{"line":138,"column":8},"end":{"line":146,"column":9}},"65":{"start":{"line":140,"column":16},"end":{"line":140,"column":77}},"66":{"start":{"line":142,"column":16},"end":{"line":142,"column":76}},"67":{"start":{"line":145,"column":16},"end":{"line":145,"column":77}},"68":{"start":{"line":150,"column":24},"end":{"line":171,"column":5}},"69":{"start":{"line":152,"column":8},"end":{"line":167,"column":9}},"70":{"start":{"line":154,"column":12},"end":{"line":156,"column":13}},"71":{"start":{"line":155,"column":16},"end":{"line":155,"column":41}},"72":{"start":{"line":159,"column":12},"end":{"line":161,"column":13}},"73":{"start":{"line":160,"column":16},"end":{"line":160,"column":44}},"74":{"start":{"line":164,"column":12},"end":{"line":166,"column":13}},"75":{"start":{"line":165,"column":16},"end":{"line":165,"column":43}},"76":{"start":{"line":170,"column":8},"end":{"line":170,"column":25}},"77":{"start":{"line":175,"column":8},"end":{"line":176,"column":null}},"78":{"start":{"line":181,"column":8},"end":{"line":182,"column":null}},"79":{"start":{"line":186,"column":4},"end":{"line":195,"column":5}},"80":{"start":{"line":187,"column":8},"end":{"line":194,"column":10}},"81":{"start":{"line":197,"column":4},"end":{"line":203,"column":5}},"82":{"start":{"line":198,"column":8},"end":{"line":202,"column":10}},"83":{"start":{"line":205,"column":4},"end":{"line":211,"column":5}},"84":{"start":{"line":206,"column":8},"end":{"line":210,"column":10}},"85":{"start":{"line":214,"column":25},"end":{"line":214,"column":44}},"86":{"start":{"line":215,"column":29},"end":{"line":215,"column":67}},"87":{"start":{"line":218,"column":26},"end":{"line":218,"column":66}},"88":{"start":{"line":220,"column":4},"end":{"line":422,"column":6}},"89":{"start":{"line":347,"column":46},"end":{"line":365,"column":18}},"90":{"start":{"line":413,"column":32},"end":{"line":413,"column":62}},"91":{"start":{"line":425,"column":0},"end":{"line":425,"column":35}}},"fnMap":{"0":{"name":"(anonymous_10)","decl":{"start":{"line":27,"column":64},"end":{"line":27,"column":65}},"loc":{"start":{"line":33,"column":5},"end":{"line":423,"column":1}}},"1":{"name":"(anonymous_11)","decl":{"start":{"line":45,"column":14},"end":{"line":45,"column":17}},"loc":{"start":{"line":45,"column":19},"end":{"line":71,"column":5}}},"2":{"name":"(anonymous_12)","decl":{"start":{"line":46,"column":30},"end":{"line":46,"column":35}},"loc":{"start":{"line":46,"column":41},"end":{"line":68,"column":9}}},"3":{"name":"(anonymous_13)","decl":{"start":{"line":73,"column":14},"end":{"line":73,"column":17}},"loc":{"start":{"line":73,"column":19},"end":{"line":93,"column":5}}},"4":{"name":"(anonymous_14)","decl":{"start":{"line":74,"column":28},"end":{"line":74,"column":33}},"loc":{"start":{"line":74,"column":39},"end":{"line":90,"column":9}}},"5":{"name":"(anonymous_15)","decl":{"start":{"line":96,"column":14},"end":{"line":96,"column":17}},"loc":{"start":{"line":96,"column":19},"end":{"line":122,"column":5}}},"6":{"name":"(anonymous_16)","decl":{"start":{"line":97,"column":31},"end":{"line":97,"column":36}},"loc":{"start":{"line":97,"column":42},"end":{"line":119,"column":9}}},"7":{"name":"(anonymous_17)","decl":{"start":{"line":108,"column":43},"end":{"line":108,"column":47}},"loc":{"start":{"line":109,"column":32},"end":{"line":109,"column":86}}},"8":{"name":"(anonymous_18)","decl":{"start":{"line":124,"column":25},"end":{"line":124,"column":26}},"loc":{"start":{"line":124,"column":51},"end":{"line":126,"column":5}}},"9":{"name":"(anonymous_19)","decl":{"start":{"line":129,"column":28},"end":{"line":129,"column":31}},"loc":{"start":{"line":129,"column":33},"end":{"line":134,"column":5}}},"10":{"name":"(anonymous_20)","decl":{"start":{"line":137,"column":28},"end":{"line":137,"column":31}},"loc":{"start":{"line":137,"column":33},"end":{"line":147,"column":5}}},"11":{"name":"(anonymous_21)","decl":{"start":{"line":150,"column":24},"end":{"line":150,"column":25}},"loc":{"start":{"line":150,"column":41},"end":{"line":171,"column":5}}},"12":{"name":"(anonymous_22)","decl":{"start":{"line":347,"column":28},"end":{"line":347,"column":29}},"loc":{"start":{"line":347,"column":45},"end":{"line":365,"column":18}}},"13":{"name":"(anonymous_23)","decl":{"start":{"line":412,"column":50},"end":{"line":412,"column":60}},"loc":{"start":{"line":413,"column":32},"end":{"line":413,"column":62}}}},"branchMap":{"0":{"loc":{"start":{"line":31,"column":4},"end":{"line":31,"column":28}},"type":"default-arg","locations":[{"start":{"line":31,"column":20},"end":{"line":31,"column":28}}]},"1":{"loc":{"start":{"line":47,"column":12},"end":{"line":67,"column":13}},"type":"if","locations":[{"start":{"line":47,"column":12},"end":{"line":67,"column":13}},{"start":{"line":65,"column":19},"end":{"line":67,"column":13}}]},"2":{"loc":{"start":{"line":51,"column":20},"end":{"line":58,"column":21}},"type":"if","locations":[{"start":{"line":51,"column":20},"end":{"line":58,"column":21}}]},"3":{"loc":{"start":{"line":52,"column":24},"end":{"line":55,"column":53}},"type":"binary-expr","locations":[{"start":{"line":52,"column":24},"end":{"line":52,"column":32}},{"start":{"line":53,"column":24},"end":{"line":53,"column":37}},{"start":{"line":54,"column":24},"end":{"line":54,"column":42}},{"start":{"line":55,"column":24},"end":{"line":55,"column":53}}]},"4":{"loc":{"start":{"line":79,"column":16},"end":{"line":83,"column":17}},"type":"if","locations":[{"start":{"line":79,"column":16},"end":{"line":83,"column":17}},{"start":{"line":81,"column":23},"end":{"line":83,"column":17}}]},"5":{"loc":{"start":{"line":79,"column":20},"end":{"line":79,"column":75}},"type":"binary-expr","locations":[{"start":{"line":79,"column":20},"end":{"line":79,"column":40}},{"start":{"line":79,"column":44},"end":{"line":79,"column":75}}]},"6":{"loc":{"start":{"line":98,"column":12},"end":{"line":118,"column":13}},"type":"if","locations":[{"start":{"line":98,"column":12},"end":{"line":118,"column":13}}]},"7":{"loc":{"start":{"line":98,"column":16},"end":{"line":98,"column":84}},"type":"binary-expr","locations":[{"start":{"line":98,"column":16},"end":{"line":98,"column":33}},{"start":{"line":98,"column":37},"end":{"line":98,"column":53}},{"start":{"line":98,"column":57},"end":{"line":98,"column":84}}]},"8":{"loc":{"start":{"line":102,"column":16},"end":{"line":117,"column":17}},"type":"if","locations":[{"start":{"line":102,"column":16},"end":{"line":117,"column":17}}]},"9":{"loc":{"start":{"line":107,"column":24},"end":{"line":111,"column":25}},"type":"if","locations":[{"start":{"line":107,"column":24},"end":{"line":111,"column":25}}]},"10":{"loc":{"start":{"line":107,"column":28},"end":{"line":107,"column":75}},"type":"binary-expr","locations":[{"start":{"line":107,"column":28},"end":{"line":107,"column":36}},{"start":{"line":107,"column":40},"end":{"line":107,"column":53}},{"start":{"line":107,"column":57},"end":{"line":107,"column":75}}]},"11":{"loc":{"start":{"line":130,"column":8},"end":{"line":133,"column":9}},"type":"if","locations":[{"start":{"line":130,"column":8},"end":{"line":133,"column":9}}]},"12":{"loc":{"start":{"line":130,"column":12},"end":{"line":130,"column":80}},"type":"binary-expr","locations":[{"start":{"line":130,"column":12},"end":{"line":130,"column":29}},{"start":{"line":130,"column":33},"end":{"line":130,"column":49}},{"start":{"line":130,"column":53},"end":{"line":130,"column":80}}]},"13":{"loc":{"start":{"line":138,"column":8},"end":{"line":146,"column":9}},"type":"switch","locations":[{"start":{"line":139,"column":12},"end":{"line":140,"column":77}},{"start":{"line":141,"column":12},"end":{"line":142,"column":76}},{"start":{"line":143,"column":12},"end":{"line":143,"column":26}},{"start":{"line":144,"column":12},"end":{"line":145,"column":77}}]},"14":{"loc":{"start":{"line":152,"column":8},"end":{"line":167,"column":9}},"type":"if","locations":[{"start":{"line":152,"column":8},"end":{"line":167,"column":9}}]},"15":{"loc":{"start":{"line":154,"column":12},"end":{"line":156,"column":13}},"type":"if","locations":[{"start":{"line":154,"column":12},"end":{"line":156,"column":13}}]},"16":{"loc":{"start":{"line":159,"column":12},"end":{"line":161,"column":13}},"type":"if","locations":[{"start":{"line":159,"column":12},"end":{"line":161,"column":13}}]},"17":{"loc":{"start":{"line":164,"column":12},"end":{"line":166,"column":13}},"type":"if","locations":[{"start":{"line":164,"column":12},"end":{"line":166,"column":13}}]},"18":{"loc":{"start":{"line":186,"column":4},"end":{"line":195,"column":5}},"type":"if","locations":[{"start":{"line":186,"column":4},"end":{"line":195,"column":5}}]},"19":{"loc":{"start":{"line":197,"column":4},"end":{"line":203,"column":5}},"type":"if","locations":[{"start":{"line":197,"column":4},"end":{"line":203,"column":5}}]},"20":{"loc":{"start":{"line":205,"column":4},"end":{"line":211,"column":5}},"type":"if","locations":[{"start":{"line":205,"column":4},"end":{"line":211,"column":5}}]},"21":{"loc":{"start":{"line":215,"column":29},"end":{"line":215,"column":67}},"type":"binary-expr","locations":[{"start":{"line":215,"column":29},"end":{"line":215,"column":61}},{"start":{"line":215,"column":65},"end":{"line":215,"column":67}}]},"22":{"loc":{"start":{"line":218,"column":26},"end":{"line":218,"column":66}},"type":"binary-expr","locations":[{"start":{"line":218,"column":26},"end":{"line":218,"column":39}},{"start":{"line":218,"column":43},"end":{"line":218,"column":66}}]},"23":{"loc":{"start":{"line":356,"column":37},"end":{"line":356,"column":82}},"type":"binary-expr","locations":[{"start":{"line":356,"column":37},"end":{"line":356,"column":58}},{"start":{"line":356,"column":62},"end":{"line":356,"column":82}}]},"24":{"loc":{"start":{"line":356,"column":37},"end":{"line":356,"column":58}},"type":"cond-expr","locations":[{"start":{"line":356,"column":51},"end":{"line":356,"column":53}},{"start":{"line":356,"column":51},"end":{"line":356,"column":58}}]},"25":{"loc":{"start":{"line":356,"column":37},"end":{"line":356,"column":53}},"type":"binary-expr","locations":[{"start":{"line":356,"column":37},"end":{"line":356,"column":53}},{"start":{"line":356,"column":51},"end":{"line":356,"column":53}}]},"26":{"loc":{"start":{"line":369,"column":13},"end":{"line":419,"column":null}},"type":"binary-expr","locations":[{"start":{"line":369,"column":13},"end":{"line":369,"column":30}},{"start":{"line":369,"column":34},"end":{"line":369,"column":61}},{"start":{"line":370,"column":16},"end":{"line":418,"column":null}}]},"27":{"loc":{"start":{"line":373,"column":29},"end":{"line":373,"column":87}},"type":"binary-expr","locations":[{"start":{"line":373,"column":29},"end":{"line":373,"column":57}},{"start":{"line":373,"column":61},"end":{"line":373,"column":87}}]},"28":{"loc":{"start":{"line":373,"column":29},"end":{"line":373,"column":57}},"type":"cond-expr","locations":[{"start":{"line":373,"column":50},"end":{"line":373,"column":52}},{"start":{"line":373,"column":50},"end":{"line":373,"column":57}}]},"29":{"loc":{"start":{"line":373,"column":29},"end":{"line":373,"column":52}},"type":"binary-expr","locations":[{"start":{"line":373,"column":29},"end":{"line":373,"column":52}},{"start":{"line":373,"column":50},"end":{"line":373,"column":52}}]},"30":{"loc":{"start":{"line":376,"column":25},"end":{"line":380,"column":null}},"type":"binary-expr","locations":[{"start":{"line":376,"column":25},"end":{"line":376,"column":59}},{"start":{"line":377,"column":28},"end":{"line":379,"column":null}}]},"31":{"loc":{"start":{"line":376,"column":25},"end":{"line":376,"column":59}},"type":"cond-expr","locations":[{"start":{"line":376,"column":46},"end":{"line":376,"column":48}},{"start":{"line":376,"column":46},"end":{"line":376,"column":59}}]},"32":{"loc":{"start":{"line":376,"column":25},"end":{"line":376,"column":48}},"type":"binary-expr","locations":[{"start":{"line":376,"column":25},"end":{"line":376,"column":48}},{"start":{"line":376,"column":46},"end":{"line":376,"column":48}}]},"33":{"loc":{"start":{"line":384,"column":25},"end":{"line":400,"column":null}},"type":"binary-expr","locations":[{"start":{"line":384,"column":25},"end":{"line":384,"column":38}},{"start":{"line":385,"column":28},"end":{"line":399,"column":null}}]},"34":{"loc":{"start":{"line":405,"column":21},"end":{"line":418,"column":28}},"type":"cond-expr","locations":[{"start":{"line":406,"column":24},"end":{"line":407,"column":null}},{"start":{"line":409,"column":24},"end":{"line":418,"column":28}}]},"35":{"loc":{"start":{"line":409,"column":24},"end":{"line":418,"column":28}},"type":"cond-expr","locations":[{"start":{"line":410,"column":24},"end":{"line":416,"column":null}},{"start":{"line":418,"column":24},"end":{"line":418,"column":28}}]}},"s":{"0":0,"1":0,"2":0,"3":0,"4":0,"5":0,"6":0,"7":0,"8":0,"9":0,"10":0,"11":0,"12":0,"13":0,"14":0,"15":0,"16":0,"17":0,"18":0,"19":0,"20":0,"21":0,"22":0,"23":0,"24":0,"25":0,"26":0,"27":0,"28":0,"29":0,"30":0,"31":0,"32":0,"33":0,"34":0,"35":0,"36":0,"37":0,"38":0,"39":0,"40":0,"41":0,"42":0,"43":0,"44":0,"45":0,"46":0,"47":0,"48":0,"49":0,"50":0,"51":0,"52":0,"53":0,"54":0,"55":0,"56":0,"57":0,"58":0,"59":0,"60":0,"61":0,"62":0,"63":0,"64":0,"65":0,"66":0,"67":0,"68":0,"69":0,"70":0,"71":0,"72":0,"73":0,"74":0,"75":0,"76":0,"77":0,"78":0,"79":0,"80":0,"81":0,"82":0,"83":0,"84":0,"85":0,"86":0,"87":0,"88":0,"89":0,"90":0,"91":0},"f":{"0":0,"1":0,"2":0,"3":0,"4":0,"5":0,"6":0,"7":0,"8":0,"9":0,"10":0,"11":0,"12":0,"13":0},"b":{"0":[0],"1":[0,0],"2":[0],"3":[0,0,0,0],"4":[0,0],"5":[0,0],"6":[0],"7":[0,0,0],"8":[0],"9":[0],"10":[0,0,0],"11":[0],"12":[0,0,0],"13":[0,0,0,0],"14":[0],"15":[0],"16":[0],"17":[0],"18":[0],"19":[0],"20":[0],"21":[0,0],"22":[0,0],"23":[0,0],"24":[0,0],"25":[0,0],"26":[0,0,0],"27":[0,0],"28":[0,0],"29":[0,0],"30":[0,0],"31":[0,0],"32":[0,0],"33":[0,0],"34":[0,0],"35":[0,0]}}
,"/Users/chastlyregino/Documents/Tech Stuff/GitRepos/DERN_NERD/photoComp/PhotoComp--React-Cypress/src/components/bars/Footer/Footer.tsx": {"path":"/Users/chastlyregino/Documents/Tech Stuff/GitRepos/DERN_NERD/photoComp/PhotoComp--React-Cypress/src/components/bars/Footer/Footer.tsx","statementMap":{"0":{"start":{"line":1,"column":0},"end":{"line":1,"column":26}},"1":{"start":{"line":2,"column":0},"end":{"line":2,"column":44}},"2":{"start":{"line":3,"column":0},"end":{"line":3,"column":40}},"3":{"start":{"line":9,"column":38},"end":{"line":26,"column":1}},"4":{"start":{"line":10,"column":4},"end":{"line":25,"column":6}},"5":{"start":{"line":28,"column":0},"end":{"line":28,"column":22}}},"fnMap":{"0":{"name":"(anonymous_1)","decl":{"start":{"line":9,"column":38},"end":{"line":9,"column":39}},"loc":{"start":{"line":9,"column":61},"end":{"line":26,"column":1}}}},"branchMap":{"0":{"loc":{"start":{"line":9,"column":41},"end":{"line":9,"column":55}},"type":"default-arg","locations":[{"start":{"line":9,"column":53},"end":{"line":9,"column":55}}]}},"s":{"0":0,"1":0,"2":0,"3":0,"4":0,"5":0},"f":{"0":0},"b":{"0":[0]}}
,"/Users/chastlyregino/Documents/Tech Stuff/GitRepos/DERN_NERD/photoComp/PhotoComp--React-Cypress/src/components/bars/SearchBar/SearchBar.tsx": {"path":"/Users/chastlyregino/Documents/Tech Stuff/GitRepos/DERN_NERD/photoComp/PhotoComp--React-Cypress/src/components/bars/SearchBar/SearchBar.tsx","statementMap":{"0":{"start":{"line":1,"column":0},"end":{"line":1,"column":26}},"1":{"start":{"line":2,"column":0},"end":{"line":2,"column":51}},"2":{"start":{"line":3,"column":0},"end":{"line":3,"column":47}},"3":{"start":{"line":14,"column":44},"end":{"line":47,"column":1}},"4":{"start":{"line":22,"column":25},"end":{"line":27,"column":5}},"5":{"start":{"line":23,"column":8},"end":{"line":23,"column":27}},"6":{"start":{"line":24,"column":8},"end":{"line":26,"column":9}},"7":{"start":{"line":25,"column":12},"end":{"line":25,"column":24}},"8":{"start":{"line":29,"column":4},"end":{"line":46,"column":6}},"9":{"start":{"line":49,"column":0},"end":{"line":49,"column":25}}},"fnMap":{"0":{"name":"(anonymous_1)","decl":{"start":{"line":14,"column":44},"end":{"line":14,"column":45}},"loc":{"start":{"line":21,"column":5},"end":{"line":47,"column":1}}},"1":{"name":"(anonymous_2)","decl":{"start":{"line":22,"column":25},"end":{"line":22,"column":26}},"loc":{"start":{"line":22,"column":65},"end":{"line":27,"column":5}}}},"branchMap":{"0":{"loc":{"start":{"line":15,"column":4},"end":{"line":15,"column":29}},"type":"default-arg","locations":[{"start":{"line":15,"column":18},"end":{"line":15,"column":29}}]},"1":{"loc":{"start":{"line":19,"column":4},"end":{"line":19,"column":18}},"type":"default-arg","locations":[{"start":{"line":19,"column":16},"end":{"line":19,"column":18}}]},"2":{"loc":{"start":{"line":20,"column":4},"end":{"line":20,"column":23}},"type":"default-arg","locations":[{"start":{"line":20,"column":9},"end":{"line":20,"column":23}}]},"3":{"loc":{"start":{"line":24,"column":8},"end":{"line":26,"column":9}},"type":"if","locations":[{"start":{"line":24,"column":8},"end":{"line":26,"column":9}}]}},"s":{"0":1,"1":1,"2":1,"3":1,"4":2,"5":0,"6":0,"7":0,"8":2,"9":1},"f":{"0":2,"1":0},"b":{"0":[0],"1":[0],"2":[2],"3":[0]}}
,"/Users/chastlyregino/Documents/Tech Stuff/GitRepos/DERN_NERD/photoComp/PhotoComp--React-Cypress/src/components/bars/SideBar/SideBar.tsx": {"path":"/Users/chastlyregino/Documents/Tech Stuff/GitRepos/DERN_NERD/photoComp/PhotoComp--React-Cypress/src/components/bars/SideBar/SideBar.tsx","statementMap":{"0":{"start":{"line":1,"column":0},"end":{"line":1,"column":42}},"1":{"start":{"line":2,"column":0},"end":{"line":2,"column":46}},"2":{"start":{"line":3,"column":0},"end":{"line":3,"column":46}},"3":{"start":{"line":4,"column":0},"end":{"line":4,"column":54}},"4":{"start":{"line":5,"column":0},"end":{"line":5,"column":53}},"5":{"start":{"line":6,"column":0},"end":{"line":6,"column":55}},"6":{"start":{"line":8,"column":26},"end":{"line":83,"column":1}},"7":{"start":{"line":9,"column":24},"end":{"line":9,"column":35}},"8":{"start":{"line":10,"column":28},"end":{"line":10,"column":51}},"9":{"start":{"line":11,"column":4},"end":{"line":82,"column":6}},"10":{"start":{"line":37,"column":28},"end":{"line":39,"column":30}},"11":{"start":{"line":49,"column":28},"end":{"line":51,"column":30}},"12":{"start":{"line":60,"column":28},"end":{"line":62,"column":30}},"13":{"start":{"line":72,"column":28},"end":{"line":74,"column":30}},"14":{"start":{"line":85,"column":0},"end":{"line":85,"column":23}}},"fnMap":{"0":{"name":"(anonymous_10)","decl":{"start":{"line":8,"column":26},"end":{"line":8,"column":29}},"loc":{"start":{"line":8,"column":31},"end":{"line":83,"column":1}}},"1":{"name":"(anonymous_11)","decl":{"start":{"line":36,"column":35},"end":{"line":36,"column":36}},"loc":{"start":{"line":37,"column":28},"end":{"line":39,"column":30}}},"2":{"name":"(anonymous_12)","decl":{"start":{"line":48,"column":35},"end":{"line":48,"column":36}},"loc":{"start":{"line":49,"column":28},"end":{"line":51,"column":30}}},"3":{"name":"(anonymous_13)","decl":{"start":{"line":59,"column":35},"end":{"line":59,"column":36}},"loc":{"start":{"line":60,"column":28},"end":{"line":62,"column":30}}},"4":{"name":"(anonymous_14)","decl":{"start":{"line":71,"column":35},"end":{"line":71,"column":36}},"loc":{"start":{"line":72,"column":28},"end":{"line":74,"column":30}}}},"branchMap":{"0":{"loc":{"start":{"line":22,"column":17},"end":{"line":27,"column":null}},"type":"binary-expr","locations":[{"start":{"line":22,"column":17},"end":{"line":22,"column":21}},{"start":{"line":22,"column":25},"end":{"line":22,"column":30}},{"start":{"line":23,"column":20},"end":{"line":26,"column":null}}]},"1":{"loc":{"start":{"line":38,"column":32},"end":{"line":38,"column":null}},"type":"cond-expr","locations":[{"start":{"line":38,"column":43},"end":{"line":38,"column":51}},{"start":{"line":38,"column":54},"end":{"line":38,"column":null}}]},"2":{"loc":{"start":{"line":50,"column":32},"end":{"line":50,"column":null}},"type":"cond-expr","locations":[{"start":{"line":50,"column":43},"end":{"line":50,"column":51}},{"start":{"line":50,"column":54},"end":{"line":50,"column":null}}]},"3":{"loc":{"start":{"line":61,"column":32},"end":{"line":61,"column":null}},"type":"cond-expr","locations":[{"start":{"line":61,"column":43},"end":{"line":61,"column":51}},{"start":{"line":61,"column":54},"end":{"line":61,"column":null}}]},"4":{"loc":{"start":{"line":69,"column":46},"end":{"line":69,"column":57}},"type":"binary-expr","locations":[{"start":{"line":69,"column":46},"end":{"line":69,"column":48}},{"start":{"line":69,"column":52},"end":{"line":69,"column":57}}]},"5":{"loc":{"start":{"line":69,"column":68},"end":{"line":69,"column":81}},"type":"binary-expr","locations":[{"start":{"line":69,"column":68},"end":{"line":69,"column":71}},{"start":{"line":69,"column":75},"end":{"line":69,"column":81}}]},"6":{"loc":{"start":{"line":73,"column":32},"end":{"line":73,"column":null}},"type":"cond-expr","locations":[{"start":{"line":73,"column":43},"end":{"line":73,"column":51}},{"start":{"line":73,"column":54},"end":{"line":73,"column":null}}]}},"s":{"0":1,"1":1,"2":1,"3":1,"4":1,"5":1,"6":1,"7":2,"8":2,"9":2,"10":2,"11":2,"12":2,"13":2,"14":1},"f":{"0":2,"1":2,"2":2,"3":2,"4":2},"b":{"0":[2,0,0],"1":[0,2],"2":[0,2],"3":[0,2],"4":[2,2],"5":[2,2],"6":[0,2]}}
,"/Users/chastlyregino/Documents/Tech Stuff/GitRepos/DERN_NERD/photoComp/PhotoComp--React-Cypress/src/components/bars/TopBar/TopBar.tsx": {"path":"/Users/chastlyregino/Documents/Tech Stuff/GitRepos/DERN_NERD/photoComp/PhotoComp--React-Cypress/src/components/bars/TopBar/TopBar.tsx","statementMap":{"0":{"start":{"line":1,"column":0},"end":{"line":1,"column":26}},"1":{"start":{"line":2,"column":0},"end":{"line":2,"column":62}},"2":{"start":{"line":12,"column":38},"end":{"line":40,"column":1}},"3":{"start":{"line":19,"column":4},"end":{"line":39,"column":6}},"4":{"start":{"line":42,"column":0},"end":{"line":42,"column":22}}},"fnMap":{"0":{"name":"(anonymous_1)","decl":{"start":{"line":12,"column":38},"end":{"line":12,"column":39}},"loc":{"start":{"line":18,"column":5},"end":{"line":40,"column":1}}}},"branchMap":{"0":{"loc":{"start":{"line":15,"column":4},"end":{"line":15,"column":18}},"type":"default-arg","locations":[{"start":{"line":15,"column":16},"end":{"line":15,"column":18}}]},"1":{"loc":{"start":{"line":16,"column":4},"end":{"line":16,"column":15}},"type":"default-arg","locations":[{"start":{"line":16,"column":9},"end":{"line":16,"column":15}}]},"2":{"loc":{"start":{"line":17,"column":4},"end":{"line":17,"column":20}},"type":"default-arg","locations":[{"start":{"line":17,"column":14},"end":{"line":17,"column":20}}]}},"s":{"0":1,"1":1,"2":1,"3":2,"4":1},"f":{"0":2},"b":{"0":[2],"1":[2],"2":[2]}}
,"/Users/chastlyregino/Documents/Tech Stuff/GitRepos/DERN_NERD/photoComp/PhotoComp--React-Cypress/src/components/cards/galleryCard/GalleryCard.tsx": {"path":"/Users/chastlyregino/Documents/Tech Stuff/GitRepos/DERN_NERD/photoComp/PhotoComp--React-Cypress/src/components/cards/galleryCard/GalleryCard.tsx","statementMap":{"0":{"start":{"line":1,"column":0},"end":{"line":1,"column":51}},"1":{"start":{"line":2,"column":0},"end":{"line":2,"column":39}},"2":{"start":{"line":3,"column":0},"end":{"line":3,"column":47}},"3":{"start":{"line":44,"column":48},"end":{"line":191,"column":1}},"4":{"start":{"line":45,"column":21},"end":{"line":45,"column":34}},"5":{"start":{"line":46,"column":20},"end":{"line":46,"column":47}},"6":{"start":{"line":47,"column":20},"end":{"line":47,"column":47}},"7":{"start":{"line":50,"column":40},"end":{"line":50,"column":55}},"8":{"start":{"line":51,"column":26},"end":{"line":51,"column":50}},"9":{"start":{"line":54,"column":31},"end":{"line":55,"column":77}},"10":{"start":{"line":55,"column":8},"end":{"line":55,"column":77}},"11":{"start":{"line":58,"column":24},"end":{"line":58,"column":74}},"12":{"start":{"line":58,"column":59},"end":{"line":58,"column":74}},"13":{"start":{"line":61,"column":24},"end":{"line":61,"column":72}},"14":{"start":{"line":61,"column":59},"end":{"line":61,"column":72}},"15":{"start":{"line":64,"column":29},"end":{"line":66,"column":5}},"16":{"start":{"line":65,"column":8},"end":{"line":65,"column":28}},"17":{"start":{"line":68,"column":31},"end":{"line":97,"column":5}},"18":{"start":{"line":70,"column":8},"end":{"line":72,"column":9}},"19":{"start":{"line":71,"column":12},"end":{"line":71,"column":33}},"20":{"start":{"line":74,"column":8},"end":{"line":95,"column":9}},"21":{"start":{"line":75,"column":12},"end":{"line":75,"column":32}},"22":{"start":{"line":76,"column":15},"end":{"line":95,"column":9}},"23":{"start":{"line":77,"column":12},"end":{"line":77,"column":33}},"24":{"start":{"line":78,"column":15},"end":{"line":95,"column":9}},"25":{"start":{"line":80,"column":12},"end":{"line":93,"column":13}},"26":{"start":{"line":81,"column":16},"end":{"line":83,"column":17}},"27":{"start":{"line":82,"column":20},"end":{"line":82,"column":44}},"28":{"start":{"line":84,"column":16},"end":{"line":86,"column":17}},"29":{"start":{"line":85,"column":20},"end":{"line":85,"column":43}},"30":{"start":{"line":87,"column":16},"end":{"line":89,"column":17}},"31":{"start":{"line":88,"column":20},"end":{"line":88,"column":46}},"32":{"start":{"line":90,"column":16},"end":{"line":92,"column":17}},"33":{"start":{"line":91,"column":20},"end":{"line":91,"column":47}},"34":{"start":{"line":94,"column":12},"end":{"line":94,"column":28}},"35":{"start":{"line":96,"column":8},"end":{"line":96,"column":29}},"36":{"start":{"line":99,"column":21},"end":{"line":108,"column":5}},"37":{"start":{"line":100,"column":8},"end":{"line":106,"column":9}},"38":{"start":{"line":101,"column":12},"end":{"line":101,"column":29}},"39":{"start":{"line":102,"column":15},"end":{"line":106,"column":9}},"40":{"start":{"line":103,"column":12},"end":{"line":103,"column":30}},"41":{"start":{"line":104,"column":15},"end":{"line":106,"column":9}},"42":{"start":{"line":105,"column":12},"end":{"line":105,"column":30}},"43":{"start":{"line":107,"column":8},"end":{"line":107,"column":18}},"44":{"start":{"line":110,"column":27},"end":{"line":121,"column":5}},"45":{"start":{"line":111,"column":26},"end":{"line":111,"column":28}},"46":{"start":{"line":112,"column":8},"end":{"line":116,"column":9}},"47":{"start":{"line":113,"column":12},"end":{"line":113,"column":43}},"48":{"start":{"line":114,"column":15},"end":{"line":116,"column":9}},"49":{"start":{"line":115,"column":12},"end":{"line":115,"column":43}},"50":{"start":{"line":117,"column":8},"end":{"line":119,"column":9}},"51":{"start":{"line":118,"column":12},"end":{"line":118,"column":56}},"52":{"start":{"line":120,"column":8},"end":{"line":120,"column":27}},"53":{"start":{"line":123,"column":32},"end":{"line":133,"column":5}},"54":{"start":{"line":124,"column":8},"end":{"line":131,"column":9}},"55":{"start":{"line":125,"column":12},"end":{"line":130,"column":13}},"56":{"start":{"line":126,"column":16},"end":{"line":126,"column":45}},"57":{"start":{"line":127,"column":19},"end":{"line":130,"column":13}},"58":{"start":{"line":128,"column":30},"end":{"line":128,"column":61}},"59":{"start":{"line":129,"column":16},"end":{"line":129,"column":45}},"60":{"start":{"line":132,"column":8},"end":{"line":132,"column":18}},"61":{"start":{"line":135,"column":28},"end":{"line":155,"column":5}},"62":{"start":{"line":136,"column":8},"end":{"line":154,"column":10}},"63":{"start":{"line":137,"column":12},"end":{"line":153,"column":13}},"64":{"start":{"line":138,"column":16},"end":{"line":152,"column":17}},"65":{"start":{"line":139,"column":20},"end":{"line":139,"column":79}},"66":{"start":{"line":140,"column":23},"end":{"line":152,"column":17}},"67":{"start":{"line":141,"column":20},"end":{"line":143,"column":22}},"68":{"start":{"line":144,"column":23},"end":{"line":152,"column":17}},"69":{"start":{"line":146,"column":36},"end":{"line":146,"column":88}},"70":{"start":{"line":148,"column":45},"end":{"line":148,"column":66}},"71":{"start":{"line":149,"column":20},"end":{"line":151,"column":22}},"72":{"start":{"line":158,"column":4},"end":{"line":163,"column":15}},"73":{"start":{"line":159,"column":20},"end":{"line":159,"column":31}},"74":{"start":{"line":160,"column":8},"end":{"line":160,"column":39}},"75":{"start":{"line":161,"column":8},"end":{"line":161,"column":48}},"76":{"start":{"line":161,"column":27},"end":{"line":161,"column":47}},"77":{"start":{"line":162,"column":8},"end":{"line":162,"column":48}},"78":{"start":{"line":162,"column":28},"end":{"line":162,"column":47}},"79":{"start":{"line":165,"column":4},"end":{"line":190,"column":6}},"80":{"start":{"line":193,"column":0},"end":{"line":193,"column":27}}},"fnMap":{"0":{"name":"(anonymous_9)","decl":{"start":{"line":44,"column":48},"end":{"line":44,"column":49}},"loc":{"start":{"line":44,"column":81},"end":{"line":191,"column":1}}},"1":{"name":"(anonymous_10)","decl":{"start":{"line":54,"column":31},"end":{"line":54,"column":32}},"loc":{"start":{"line":55,"column":8},"end":{"line":55,"column":77}}},"2":{"name":"(anonymous_11)","decl":{"start":{"line":58,"column":24},"end":{"line":58,"column":25}},"loc":{"start":{"line":58,"column":59},"end":{"line":58,"column":74}}},"3":{"name":"(anonymous_12)","decl":{"start":{"line":61,"column":24},"end":{"line":61,"column":25}},"loc":{"start":{"line":61,"column":59},"end":{"line":61,"column":72}}},"4":{"name":"(anonymous_13)","decl":{"start":{"line":64,"column":29},"end":{"line":64,"column":32}},"loc":{"start":{"line":64,"column":34},"end":{"line":66,"column":5}}},"5":{"name":"(anonymous_14)","decl":{"start":{"line":68,"column":31},"end":{"line":68,"column":34}},"loc":{"start":{"line":68,"column":36},"end":{"line":97,"column":5}}},"6":{"name":"(anonymous_15)","decl":{"start":{"line":99,"column":21},"end":{"line":99,"column":24}},"loc":{"start":{"line":99,"column":26},"end":{"line":108,"column":5}}},"7":{"name":"(anonymous_16)","decl":{"start":{"line":110,"column":27},"end":{"line":110,"column":30}},"loc":{"start":{"line":110,"column":32},"end":{"line":121,"column":5}}},"8":{"name":"(anonymous_17)","decl":{"start":{"line":123,"column":32},"end":{"line":123,"column":35}},"loc":{"start":{"line":123,"column":37},"end":{"line":133,"column":5}}},"9":{"name":"(anonymous_18)","decl":{"start":{"line":135,"column":28},"end":{"line":135,"column":29}},"loc":{"start":{"line":135,"column":60},"end":{"line":155,"column":5}}},"10":{"name":"(anonymous_19)","decl":{"start":{"line":136,"column":15},"end":{"line":136,"column":18}},"loc":{"start":{"line":136,"column":20},"end":{"line":154,"column":9}}},"11":{"name":"(anonymous_20)","decl":{"start":{"line":158,"column":14},"end":{"line":158,"column":17}},"loc":{"start":{"line":158,"column":19},"end":{"line":163,"column":5}}},"12":{"name":"(anonymous_21)","decl":{"start":{"line":161,"column":21},"end":{"line":161,"column":24}},"loc":{"start":{"line":161,"column":27},"end":{"line":161,"column":47}}},"13":{"name":"(anonymous_22)","decl":{"start":{"line":162,"column":22},"end":{"line":162,"column":25}},"loc":{"start":{"line":162,"column":28},"end":{"line":162,"column":47}}}},"branchMap":{"0":{"loc":{"start":{"line":55,"column":8},"end":{"line":55,"column":77}},"type":"binary-expr","locations":[{"start":{"line":55,"column":8},"end":{"line":55,"column":22}},{"start":{"line":55,"column":26},"end":{"line":55,"column":77}}]},"1":{"loc":{"start":{"line":55,"column":28},"end":{"line":55,"column":76}},"type":"binary-expr","locations":[{"start":{"line":55,"column":28},"end":{"line":55,"column":43}},{"start":{"line":55,"column":47},"end":{"line":55,"column":76}}]},"2":{"loc":{"start":{"line":70,"column":8},"end":{"line":72,"column":9}},"type":"if","locations":[{"start":{"line":70,"column":8},"end":{"line":72,"column":9}}]},"3":{"loc":{"start":{"line":74,"column":8},"end":{"line":95,"column":9}},"type":"if","locations":[{"start":{"line":74,"column":8},"end":{"line":95,"column":9}},{"start":{"line":76,"column":15},"end":{"line":95,"column":9}}]},"4":{"loc":{"start":{"line":74,"column":12},"end":{"line":74,"column":52}},"type":"binary-expr","locations":[{"start":{"line":74,"column":12},"end":{"line":74,"column":36}},{"start":{"line":74,"column":40},"end":{"line":74,"column":52}}]},"5":{"loc":{"start":{"line":76,"column":15},"end":{"line":95,"column":9}},"type":"if","locations":[{"start":{"line":76,"column":15},"end":{"line":95,"column":9}},{"start":{"line":78,"column":15},"end":{"line":95,"column":9}}]},"6":{"loc":{"start":{"line":76,"column":19},"end":{"line":76,"column":53}},"type":"binary-expr","locations":[{"start":{"line":76,"column":19},"end":{"line":76,"column":36}},{"start":{"line":76,"column":40},"end":{"line":76,"column":53}}]},"7":{"loc":{"start":{"line":78,"column":15},"end":{"line":95,"column":9}},"type":"if","locations":[{"start":{"line":78,"column":15},"end":{"line":95,"column":9}}]},"8":{"loc":{"start":{"line":80,"column":12},"end":{"line":93,"column":13}},"type":"if","locations":[{"start":{"line":80,"column":12},"end":{"line":93,"column":13}}]},"9":{"loc":{"start":{"line":81,"column":16},"end":{"line":83,"column":17}},"type":"if","locations":[{"start":{"line":81,"column":16},"end":{"line":83,"column":17}}]},"10":{"loc":{"start":{"line":84,"column":16},"end":{"line":86,"column":17}},"type":"if","locations":[{"start":{"line":84,"column":16},"end":{"line":86,"column":17}}]},"11":{"loc":{"start":{"line":87,"column":16},"end":{"line":89,"column":17}},"type":"if","locations":[{"start":{"line":87,"column":16},"end":{"line":89,"column":17}}]},"12":{"loc":{"start":{"line":90,"column":16},"end":{"line":92,"column":17}},"type":"if","locations":[{"start":{"line":90,"column":16},"end":{"line":92,"column":17}}]},"13":{"loc":{"start":{"line":100,"column":8},"end":{"line":106,"column":9}},"type":"if","locations":[{"start":{"line":100,"column":8},"end":{"line":106,"column":9}},{"start":{"line":102,"column":15},"end":{"line":106,"column":9}}]},"14":{"loc":{"start":{"line":102,"column":15},"end":{"line":106,"column":9}},"type":"if","locations":[{"start":{"line":102,"column":15},"end":{"line":106,"column":9}},{"start":{"line":104,"column":15},"end":{"line":106,"column":9}}]},"15":{"loc":{"start":{"line":104,"column":15},"end":{"line":106,"column":9}},"type":"if","locations":[{"start":{"line":104,"column":15},"end":{"line":106,"column":9}}]},"16":{"loc":{"start":{"line":104,"column":19},"end":{"line":104,"column":50}},"type":"binary-expr","locations":[{"start":{"line":104,"column":19},"end":{"line":104,"column":36}},{"start":{"line":104,"column":40},"end":{"line":104,"column":50}}]},"17":{"loc":{"start":{"line":112,"column":8},"end":{"line":116,"column":9}},"type":"if","locations":[{"start":{"line":112,"column":8},"end":{"line":116,"column":9}},{"start":{"line":114,"column":15},"end":{"line":116,"column":9}}]},"18":{"loc":{"start":{"line":112,"column":12},"end":{"line":112,"column":56}},"type":"binary-expr","locations":[{"start":{"line":112,"column":12},"end":{"line":112,"column":36}},{"start":{"line":112,"column":40},"end":{"line":112,"column":56}}]},"19":{"loc":{"start":{"line":114,"column":15},"end":{"line":116,"column":9}},"type":"if","locations":[{"start":{"line":114,"column":15},"end":{"line":116,"column":9}}]},"20":{"loc":{"start":{"line":114,"column":19},"end":{"line":114,"column":56}},"type":"binary-expr","locations":[{"start":{"line":114,"column":19},"end":{"line":114,"column":36}},{"start":{"line":114,"column":40},"end":{"line":114,"column":56}}]},"21":{"loc":{"start":{"line":117,"column":8},"end":{"line":119,"column":9}},"type":"if","locations":[{"start":{"line":117,"column":8},"end":{"line":119,"column":9}}]},"22":{"loc":{"start":{"line":124,"column":8},"end":{"line":131,"column":9}},"type":"if","locations":[{"start":{"line":124,"column":8},"end":{"line":131,"column":9}}]},"23":{"loc":{"start":{"line":125,"column":12},"end":{"line":130,"column":13}},"type":"if","locations":[{"start":{"line":125,"column":12},"end":{"line":130,"column":13}},{"start":{"line":127,"column":19},"end":{"line":130,"column":13}}]},"24":{"loc":{"start":{"line":127,"column":19},"end":{"line":130,"column":13}},"type":"if","locations":[{"start":{"line":127,"column":19},"end":{"line":130,"column":13}}]},"25":{"loc":{"start":{"line":129,"column":23},"end":{"line":129,"column":44}},"type":"cond-expr","locations":[{"start":{"line":129,"column":31},"end":{"line":129,"column":39}},{"start":{"line":129,"column":42},"end":{"line":129,"column":44}}]},"26":{"loc":{"start":{"line":137,"column":12},"end":{"line":153,"column":13}},"type":"if","locations":[{"start":{"line":137,"column":12},"end":{"line":153,"column":13}}]},"27":{"loc":{"start":{"line":138,"column":16},"end":{"line":152,"column":17}},"type":"if","locations":[{"start":{"line":138,"column":16},"end":{"line":152,"column":17}},{"start":{"line":140,"column":23},"end":{"line":152,"column":17}}]},"28":{"loc":{"start":{"line":140,"column":23},"end":{"line":152,"column":17}},"type":"if","locations":[{"start":{"line":140,"column":23},"end":{"line":152,"column":17}},{"start":{"line":144,"column":23},"end":{"line":152,"column":17}}]},"29":{"loc":{"start":{"line":144,"column":23},"end":{"line":152,"column":17}},"type":"if","locations":[{"start":{"line":144,"column":23},"end":{"line":152,"column":17}}]},"30":{"loc":{"start":{"line":146,"column":36},"end":{"line":146,"column":88}},"type":"cond-expr","locations":[{"start":{"line":146,"column":50},"end":{"line":146,"column":83}},{"start":{"line":146,"column":86},"end":{"line":146,"column":88}}]},"31":{"loc":{"start":{"line":167,"column":52},"end":{"line":167,"column":83}},"type":"cond-expr","locations":[{"start":{"line":167,"column":65},"end":{"line":167,"column":78}},{"start":{"line":167,"column":81},"end":{"line":167,"column":83}}]},"32":{"loc":{"start":{"line":181,"column":13},"end":{"line":181,"column":61}},"type":"binary-expr","locations":[{"start":{"line":181,"column":13},"end":{"line":181,"column":21}},{"start":{"line":181,"column":25},"end":{"line":181,"column":61}}]},"33":{"loc":{"start":{"line":182,"column":13},"end":{"line":182,"column":89}},"type":"binary-expr","locations":[{"start":{"line":182,"column":13},"end":{"line":182,"column":20}},{"start":{"line":182,"column":24},"end":{"line":182,"column":89}}]},"34":{"loc":{"start":{"line":183,"column":13},"end":{"line":187,"column":null}},"type":"binary-expr","locations":[{"start":{"line":183,"column":13},"end":{"line":183,"column":21}},{"start":{"line":184,"column":16},"end":{"line":186,"column":null}}]},"35":{"loc":{"start":{"line":186,"column":21},"end":{"line":186,"column":95}},"type":"binary-expr","locations":[{"start":{"line":186,"column":21},"end":{"line":186,"column":37}},{"start":{"line":186,"column":41},"end":{"line":186,"column":95}}]}},"s":{"0":0,"1":0,"2":0,"3":0,"4":0,"5":0,"6":0,"7":0,"8":0,"9":0,"10":0,"11":0,"12":0,"13":0,"14":0,"15":0,"16":0,"17":0,"18":0,"19":0,"20":0,"21":0,"22":0,"23":0,"24":0,"25":0,"26":0,"27":0,"28":0,"29":0,"30":0,"31":0,"32":0,"33":0,"34":0,"35":0,"36":0,"37":0,"38":0,"39":0,"40":0,"41":0,"42":0,"43":0,"44":0,"45":0,"46":0,"47":0,"48":0,"49":0,"50":0,"51":0,"52":0,"53":0,"54":0,"55":0,"56":0,"57":0,"58":0,"59":0,"60":0,"61":0,"62":0,"63":0,"64":0,"65":0,"66":0,"67":0,"68":0,"69":0,"70":0,"71":0,"72":0,"73":0,"74":0,"75":0,"76":0,"77":0,"78":0,"79":0,"80":0},"f":{"0":0,"1":0,"2":0,"3":0,"4":0,"5":0,"6":0,"7":0,"8":0,"9":0,"10":0,"11":0,"12":0,"13":0},"b":{"0":[0,0],"1":[0,0],"2":[0],"3":[0,0],"4":[0,0],"5":[0,0],"6":[0,0],"7":[0],"8":[0],"9":[0],"10":[0],"11":[0],"12":[0],"13":[0,0],"14":[0,0],"15":[0],"16":[0,0],"17":[0,0],"18":[0,0],"19":[0],"20":[0,0],"21":[0],"22":[0],"23":[0,0],"24":[0],"25":[0,0],"26":[0],"27":[0,0],"28":[0,0],"29":[0],"30":[0,0],"31":[0,0],"32":[0,0],"33":[0,0],"34":[0,0],"35":[0,0]}}
,"/Users/chastlyregino/Documents/Tech Stuff/GitRepos/DERN_NERD/photoComp/PhotoComp--React-Cypress/src/components/cards/memberCard/MemberCard.tsx": {"path":"/Users/chastlyregino/Documents/Tech Stuff/GitRepos/DERN_NERD/photoComp/PhotoComp--React-Cypress/src/components/cards/memberCard/MemberCard.tsx","statementMap":{"0":{"start":{"line":2,"column":0},"end":{"line":2,"column":26}},"1":{"start":{"line":3,"column":0},"end":{"line":3,"column":48}},"2":{"start":{"line":32,"column":46},"end":{"line":112,"column":1}},"3":{"start":{"line":34,"column":21},"end":{"line":34,"column":60}},"4":{"start":{"line":36,"column":23},"end":{"line":47,"column":5}},"5":{"start":{"line":38,"column":8},"end":{"line":40,"column":9}},"6":{"start":{"line":39,"column":12},"end":{"line":39,"column":34}},"7":{"start":{"line":41,"column":21},"end":{"line":41,"column":41}},"8":{"start":{"line":42,"column":8},"end":{"line":46,"column":11}},"9":{"start":{"line":50,"column":24},"end":{"line":54,"column":25}},"10":{"start":{"line":56,"column":20},"end":{"line":56,"column":43}},"11":{"start":{"line":58,"column":28},"end":{"line":63,"column":5}},"12":{"start":{"line":60,"column":8},"end":{"line":62,"column":9}},"13":{"start":{"line":61,"column":12},"end":{"line":61,"column":31}},"14":{"start":{"line":65,"column":4},"end":{"line":111,"column":6}},"15":{"start":{"line":114,"column":0},"end":{"line":114,"column":26}}},"fnMap":{"0":{"name":"(anonymous_1)","decl":{"start":{"line":32,"column":46},"end":{"line":32,"column":47}},"loc":{"start":{"line":32,"column":94},"end":{"line":112,"column":1}}},"1":{"name":"(anonymous_2)","decl":{"start":{"line":36,"column":23},"end":{"line":36,"column":24}},"loc":{"start":{"line":36,"column":58},"end":{"line":47,"column":5}}},"2":{"name":"(anonymous_3)","decl":{"start":{"line":58,"column":28},"end":{"line":58,"column":31}},"loc":{"start":{"line":58,"column":33},"end":{"line":63,"column":5}}}},"branchMap":{"0":{"loc":{"start":{"line":34,"column":21},"end":{"line":34,"column":60}},"type":"binary-expr","locations":[{"start":{"line":34,"column":21},"end":{"line":34,"column":43}},{"start":{"line":34,"column":47},"end":{"line":34,"column":60}}]},"1":{"loc":{"start":{"line":34,"column":21},"end":{"line":34,"column":43}},"type":"cond-expr","locations":[{"start":{"line":34,"column":39},"end":{"line":34,"column":41}},{"start":{"line":34,"column":39},"end":{"line":34,"column":43}}]},"2":{"loc":{"start":{"line":34,"column":21},"end":{"line":34,"column":41}},"type":"binary-expr","locations":[{"start":{"line":34,"column":21},"end":{"line":34,"column":41}},{"start":{"line":34,"column":39},"end":{"line":34,"column":41}}]},"3":{"loc":{"start":{"line":38,"column":8},"end":{"line":40,"column":9}},"type":"if","locations":[{"start":{"line":38,"column":8},"end":{"line":40,"column":9}}]},"4":{"loc":{"start":{"line":38,"column":12},"end":{"line":38,"column":56}},"type":"binary-expr","locations":[{"start":{"line":38,"column":12},"end":{"line":38,"column":23}},{"start":{"line":38,"column":27},"end":{"line":38,"column":56}}]},"5":{"loc":{"start":{"line":50,"column":24},"end":{"line":54,"column":25}},"type":"cond-expr","locations":[{"start":{"line":51,"column":10},"end":{"line":51,"column":22}},{"start":{"line":52,"column":10},"end":{"line":54,"column":25}}]},"6":{"loc":{"start":{"line":52,"column":10},"end":{"line":54,"column":25}},"type":"cond-expr","locations":[{"start":{"line":53,"column":10},"end":{"line":53,"column":74}},{"start":{"line":54,"column":10},"end":{"line":54,"column":25}}]},"7":{"loc":{"start":{"line":60,"column":8},"end":{"line":62,"column":9}},"type":"if","locations":[{"start":{"line":60,"column":8},"end":{"line":62,"column":9}}]},"8":{"loc":{"start":{"line":60,"column":12},"end":{"line":60,"column":58}},"type":"binary-expr","locations":[{"start":{"line":60,"column":12},"end":{"line":60,"column":30}},{"start":{"line":60,"column":34},"end":{"line":60,"column":58}}]},"9":{"loc":{"start":{"line":67,"column":38},"end":{"line":67,"column":53}},"type":"binary-expr","locations":[{"start":{"line":67,"column":38},"end":{"line":67,"column":47}},{"start":{"line":67,"column":51},"end":{"line":67,"column":53}}]},"10":{"loc":{"start":{"line":67,"column":57},"end":{"line":67,"column":85}},"type":"cond-expr","locations":[{"start":{"line":67,"column":70},"end":{"line":67,"column":80}},{"start":{"line":67,"column":83},"end":{"line":67,"column":85}}]},"11":{"loc":{"start":{"line":67,"column":89},"end":{"line":67,"column":128}},"type":"cond-expr","locations":[{"start":{"line":67,"column":99},"end":{"line":67,"column":111}},{"start":{"line":67,"column":114},"end":{"line":67,"column":128}}]},"12":{"loc":{"start":{"line":67,"column":132},"end":{"line":67,"column":180}},"type":"cond-expr","locations":[{"start":{"line":67,"column":158},"end":{"line":67,"column":175}},{"start":{"line":67,"column":178},"end":{"line":67,"column":180}}]},"13":{"loc":{"start":{"line":73,"column":24},"end":{"line":73,"column":96}},"type":"cond-expr","locations":[{"start":{"line":73,"column":75},"end":{"line":73,"column":84}},{"start":{"line":73,"column":87},"end":{"line":73,"column":96}}]},"14":{"loc":{"start":{"line":73,"column":25},"end":{"line":73,"column":71}},"type":"binary-expr","locations":[{"start":{"line":73,"column":25},"end":{"line":73,"column":43}},{"start":{"line":73,"column":47},"end":{"line":73,"column":71}}]},"15":{"loc":{"start":{"line":74,"column":33},"end":{"line":74,"column":67}},"type":"cond-expr","locations":[{"start":{"line":74,"column":46},"end":{"line":74,"column":55}},{"start":{"line":74,"column":58},"end":{"line":74,"column":67}}]},"16":{"loc":{"start":{"line":75,"column":29},"end":{"line":75,"column":63}},"type":"cond-expr","locations":[{"start":{"line":75,"column":42},"end":{"line":75,"column":51}},{"start":{"line":75,"column":54},"end":{"line":75,"column":63}}]},"17":{"loc":{"start":{"line":76,"column":29},"end":{"line":76,"column":55}},"type":"cond-expr","locations":[{"start":{"line":76,"column":42},"end":{"line":76,"column":47}},{"start":{"line":76,"column":50},"end":{"line":76,"column":55}}]},"18":{"loc":{"start":{"line":78,"column":25},"end":{"line":78,"column":58}},"type":"cond-expr","locations":[{"start":{"line":78,"column":51},"end":{"line":78,"column":54}},{"start":{"line":78,"column":57},"end":{"line":78,"column":58}}]},"19":{"loc":{"start":{"line":85,"column":25},"end":{"line":87,"column":32}},"type":"cond-expr","locations":[{"start":{"line":86,"column":29},"end":{"line":86,"column":102}},{"start":{"line":87,"column":28},"end":{"line":87,"column":32}}]},"20":{"loc":{"start":{"line":91,"column":22},"end":{"line":95,"column":29}},"type":"cond-expr","locations":[{"start":{"line":92,"column":25},"end":{"line":92,"column":105}},{"start":{"line":93,"column":25},"end":{"line":95,"column":29}}]},"21":{"loc":{"start":{"line":91,"column":22},"end":{"line":91,"column":68}},"type":"binary-expr","locations":[{"start":{"line":91,"column":22},"end":{"line":91,"column":40}},{"start":{"line":91,"column":44},"end":{"line":91,"column":68}}]},"22":{"loc":{"start":{"line":93,"column":25},"end":{"line":95,"column":29}},"type":"cond-expr","locations":[{"start":{"line":94,"column":25},"end":{"line":94,"column":96}},{"start":{"line":95,"column":25},"end":{"line":95,"column":29}}]},"23":{"loc":{"start":{"line":96,"column":54},"end":{"line":96,"column":96}},"type":"cond-expr","locations":[{"start":{"line":96,"column":64},"end":{"line":96,"column":78}},{"start":{"line":96,"column":81},"end":{"line":96,"column":96}}]},"24":{"loc":{"start":{"line":101,"column":21},"end":{"line":102,"column":null}},"type":"binary-expr","locations":[{"start":{"line":101,"column":21},"end":{"line":101,"column":36}},{"start":{"line":101,"column":40},"end":{"line":101,"column":64}},{"start":{"line":102,"column":25},"end":{"line":102,"column":82}}]},"25":{"loc":{"start":{"line":105,"column":21},"end":{"line":106,"column":null}},"type":"binary-expr","locations":[{"start":{"line":105,"column":21},"end":{"line":105,"column":44}},{"start":{"line":106,"column":25},"end":{"line":106,"column":58}}]}},"s":{"0":0,"1":0,"2":0,"3":0,"4":0,"5":0,"6":0,"7":0,"8":0,"9":0,"10":0,"11":0,"12":0,"13":0,"14":0,"15":0},"f":{"0":0,"1":0,"2":0},"b":{"0":[0,0],"1":[0,0],"2":[0,0],"3":[0],"4":[0,0],"5":[0,0],"6":[0,0],"7":[0],"8":[0,0],"9":[0,0],"10":[0,0],"11":[0,0],"12":[0,0],"13":[0,0],"14":[0,0],"15":[0,0],"16":[0,0],"17":[0,0],"18":[0,0],"19":[0,0],"20":[0,0],"21":[0,0],"22":[0,0],"23":[0,0],"24":[0,0,0],"25":[0,0]}}
,"/Users/chastlyregino/Documents/Tech Stuff/GitRepos/DERN_NERD/photoComp/PhotoComp--React-Cypress/src/components/cards/membershipCard/MembershipCard.tsx": {"path":"/Users/chastlyregino/Documents/Tech Stuff/GitRepos/DERN_NERD/photoComp/PhotoComp--React-Cypress/src/components/cards/membershipCard/MembershipCard.tsx","statementMap":{"0":{"start":{"line":1,"column":0},"end":{"line":1,"column":26}},"1":{"start":{"line":2,"column":0},"end":{"line":2,"column":39}},"2":{"start":{"line":31,"column":54},"end":{"line":75,"column":1}},"3":{"start":{"line":32,"column":22},"end":{"line":32,"column":64}},"4":{"start":{"line":34,"column":23},"end":{"line":41,"column":5}},"5":{"start":{"line":35,"column":21},"end":{"line":35,"column":41}},"6":{"start":{"line":36,"column":8},"end":{"line":40,"column":11}},"7":{"start":{"line":42,"column":22},"end":{"line":42,"column":52}},"8":{"start":{"line":43,"column":21},"end":{"line":43,"column":50}},"9":{"start":{"line":44,"column":24},"end":{"line":44,"column":50}},"10":{"start":{"line":46,"column":4},"end":{"line":74,"column":6}},"11":{"start":{"line":49,"column":27},"end":{"line":49,"column":46}},"12":{"start":{"line":77,"column":0},"end":{"line":77,"column":30}}},"fnMap":{"0":{"name":"(anonymous_1)","decl":{"start":{"line":31,"column":54},"end":{"line":31,"column":55}},"loc":{"start":{"line":31,"column":92},"end":{"line":75,"column":1}}},"1":{"name":"(anonymous_2)","decl":{"start":{"line":34,"column":23},"end":{"line":34,"column":24}},"loc":{"start":{"line":34,"column":46},"end":{"line":41,"column":5}}},"2":{"name":"(anonymous_3)","decl":{"start":{"line":49,"column":21},"end":{"line":49,"column":24}},"loc":{"start":{"line":49,"column":27},"end":{"line":49,"column":46}}}},"branchMap":{"0":{"loc":{"start":{"line":32,"column":22},"end":{"line":32,"column":64}},"type":"binary-expr","locations":[{"start":{"line":32,"column":22},"end":{"line":32,"column":46}},{"start":{"line":32,"column":50},"end":{"line":32,"column":64}}]},"1":{"loc":{"start":{"line":42,"column":22},"end":{"line":42,"column":52}},"type":"cond-expr","locations":[{"start":{"line":42,"column":41},"end":{"line":42,"column":43}},{"start":{"line":42,"column":41},"end":{"line":42,"column":52}}]},"2":{"loc":{"start":{"line":42,"column":22},"end":{"line":42,"column":43}},"type":"binary-expr","locations":[{"start":{"line":42,"column":22},"end":{"line":42,"column":43}},{"start":{"line":42,"column":41},"end":{"line":42,"column":43}}]},"3":{"loc":{"start":{"line":43,"column":21},"end":{"line":43,"column":50}},"type":"cond-expr","locations":[{"start":{"line":43,"column":40},"end":{"line":43,"column":42}},{"start":{"line":43,"column":40},"end":{"line":43,"column":50}}]},"4":{"loc":{"start":{"line":43,"column":21},"end":{"line":43,"column":42}},"type":"binary-expr","locations":[{"start":{"line":43,"column":21},"end":{"line":43,"column":42}},{"start":{"line":43,"column":40},"end":{"line":43,"column":42}}]},"5":{"loc":{"start":{"line":48,"column":42},"end":{"line":48,"column":70}},"type":"cond-expr","locations":[{"start":{"line":48,"column":55},"end":{"line":48,"column":65}},{"start":{"line":48,"column":68},"end":{"line":48,"column":70}}]},"6":{"loc":{"start":{"line":55,"column":33},"end":{"line":55,"column":67}},"type":"cond-expr","locations":[{"start":{"line":55,"column":46},"end":{"line":55,"column":55}},{"start":{"line":55,"column":58},"end":{"line":55,"column":67}}]},"7":{"loc":{"start":{"line":56,"column":29},"end":{"line":56,"column":64}},"type":"cond-expr","locations":[{"start":{"line":56,"column":42},"end":{"line":56,"column":48}},{"start":{"line":56,"column":51},"end":{"line":56,"column":64}}]},"8":{"loc":{"start":{"line":57,"column":29},"end":{"line":57,"column":55}},"type":"cond-expr","locations":[{"start":{"line":57,"column":42},"end":{"line":57,"column":47}},{"start":{"line":57,"column":50},"end":{"line":57,"column":55}}]},"9":{"loc":{"start":{"line":64,"column":21},"end":{"line":65,"column":null}},"type":"binary-expr","locations":[{"start":{"line":64,"column":21},"end":{"line":64,"column":36}},{"start":{"line":65,"column":24},"end":{"line":65,"column":95}}]}},"s":{"0":0,"1":0,"2":0,"3":0,"4":0,"5":0,"6":0,"7":0,"8":0,"9":0,"10":0,"11":0,"12":0},"f":{"0":0,"1":0,"2":0},"b":{"0":[0,0],"1":[0,0],"2":[0,0],"3":[0,0],"4":[0,0],"5":[0,0],"6":[0,0],"7":[0,0],"8":[0,0],"9":[0,0]}}
,"/Users/chastlyregino/Documents/Tech Stuff/GitRepos/DERN_NERD/photoComp/PhotoComp--React-Cypress/src/components/forms/AuthForm.tsx": {"path":"/Users/chastlyregino/Documents/Tech Stuff/GitRepos/DERN_NERD/photoComp/PhotoComp--React-Cypress/src/components/forms/AuthForm.tsx","statementMap":{"0":{"start":{"line":1,"column":0},"end":{"line":1,"column":26}},"1":{"start":{"line":2,"column":0},"end":{"line":2,"column":46}},"2":{"start":{"line":11,"column":42},"end":{"line":19,"column":1}},"3":{"start":{"line":12,"column":4},"end":{"line":18,"column":6}},"4":{"start":{"line":21,"column":0},"end":{"line":21,"column":24}}},"fnMap":{"0":{"name":"(anonymous_1)","decl":{"start":{"line":11,"column":42},"end":{"line":11,"column":43}},"loc":{"start":{"line":11,"column":83},"end":{"line":19,"column":1}}}},"branchMap":{"0":{"loc":{"start":{"line":15,"column":13},"end":{"line":15,"column":61}},"type":"binary-expr","locations":[{"start":{"line":15,"column":13},"end":{"line":15,"column":18}},{"start":{"line":15,"column":22},"end":{"line":15,"column":61}}]}},"s":{"0":0,"1":0,"2":0,"3":0,"4":0},"f":{"0":0},"b":{"0":[0,0]}}
,"/Users/chastlyregino/Documents/Tech Stuff/GitRepos/DERN_NERD/photoComp/PhotoComp--React-Cypress/src/components/forms/FormButton.tsx": {"path":"/Users/chastlyregino/Documents/Tech Stuff/GitRepos/DERN_NERD/photoComp/PhotoComp--React-Cypress/src/components/forms/FormButton.tsx","statementMap":{"0":{"start":{"line":1,"column":0},"end":{"line":1,"column":26}},"1":{"start":{"line":2,"column":0},"end":{"line":2,"column":41}},"2":{"start":{"line":13,"column":46},"end":{"line":35,"column":1}},"3":{"start":{"line":22,"column":26},"end":{"line":22,"column":54}},"4":{"start":{"line":23,"column":26},"end":{"line":23,"column":71}},"5":{"start":{"line":25,"column":4},"end":{"line":34,"column":6}},"6":{"start":{"line":37,"column":0},"end":{"line":37,"column":26}}},"fnMap":{"0":{"name":"(anonymous_1)","decl":{"start":{"line":13,"column":46},"end":{"line":13,"column":47}},"loc":{"start":{"line":20,"column":5},"end":{"line":35,"column":1}}}},"branchMap":{"0":{"loc":{"start":{"line":15,"column":4},"end":{"line":15,"column":18}},"type":"default-arg","locations":[{"start":{"line":15,"column":16},"end":{"line":15,"column":18}}]},"1":{"loc":{"start":{"line":16,"column":4},"end":{"line":16,"column":23}},"type":"default-arg","locations":[{"start":{"line":16,"column":14},"end":{"line":16,"column":23}}]},"2":{"loc":{"start":{"line":19,"column":4},"end":{"line":19,"column":20}},"type":"default-arg","locations":[{"start":{"line":19,"column":15},"end":{"line":19,"column":20}}]},"3":{"loc":{"start":{"line":22,"column":26},"end":{"line":22,"column":54}},"type":"cond-expr","locations":[{"start":{"line":22,"column":37},"end":{"line":22,"column":44}},{"start":{"line":22,"column":47},"end":{"line":22,"column":54}}]},"4":{"loc":{"start":{"line":23,"column":42},"end":{"line":23,"column":69}},"type":"cond-expr","locations":[{"start":{"line":23,"column":53},"end":{"line":23,"column":64}},{"start":{"line":23,"column":67},"end":{"line":23,"column":69}}]}},"s":{"0":0,"1":0,"2":0,"3":0,"4":0,"5":0,"6":0},"f":{"0":0},"b":{"0":[0],"1":[0],"2":[0],"3":[0,0],"4":[0,0]}}
,"/Users/chastlyregino/Documents/Tech Stuff/GitRepos/DERN_NERD/photoComp/PhotoComp--React-Cypress/src/components/forms/FormContainer.tsx": {"path":"/Users/chastlyregino/Documents/Tech Stuff/GitRepos/DERN_NERD/photoComp/PhotoComp--React-Cypress/src/components/forms/FormContainer.tsx","statementMap":{"0":{"start":{"line":1,"column":0},"end":{"line":1,"column":26}},"1":{"start":{"line":2,"column":0},"end":{"line":2,"column":54}},"2":{"start":{"line":8,"column":52},"end":{"line":21,"column":1}},"3":{"start":{"line":9,"column":4},"end":{"line":20,"column":6}},"4":{"start":{"line":23,"column":0},"end":{"line":23,"column":29}}},"fnMap":{"0":{"name":"(anonymous_1)","decl":{"start":{"line":8,"column":52},"end":{"line":8,"column":53}},"loc":{"start":{"line":8,"column":69},"end":{"line":21,"column":1}}}},"branchMap":{},"s":{"0":0,"1":0,"2":0,"3":0,"4":0},"f":{"0":0},"b":{}}
,"/Users/chastlyregino/Documents/Tech Stuff/GitRepos/DERN_NERD/photoComp/PhotoComp--React-Cypress/src/components/forms/FormInput.tsx": {"path":"/Users/chastlyregino/Documents/Tech Stuff/GitRepos/DERN_NERD/photoComp/PhotoComp--React-Cypress/src/components/forms/FormInput.tsx","statementMap":{"0":{"start":{"line":1,"column":0},"end":{"line":1,"column":26}},"1":{"start":{"line":2,"column":0},"end":{"line":2,"column":39}},"2":{"start":{"line":13,"column":44},"end":{"line":33,"column":1}},"3":{"start":{"line":21,"column":4},"end":{"line":32,"column":6}},"4":{"start":{"line":35,"column":0},"end":{"line":35,"column":25}}},"fnMap":{"0":{"name":"(anonymous_1)","decl":{"start":{"line":13,"column":44},"end":{"line":13,"column":45}},"loc":{"start":{"line":20,"column":5},"end":{"line":33,"column":1}}}},"branchMap":{"0":{"loc":{"start":{"line":19,"column":4},"end":{"line":19,"column":20}},"type":"default-arg","locations":[{"start":{"line":19,"column":15},"end":{"line":19,"column":20}}]}},"s":{"0":0,"1":0,"2":0,"3":0,"4":0},"f":{"0":0},"b":{"0":[0]}}
,"/Users/chastlyregino/Documents/Tech Stuff/GitRepos/DERN_NERD/photoComp/PhotoComp--React-Cypress/src/components/forms/AuthForm/AuthForm.tsx": {"path":"/Users/chastlyregino/Documents/Tech Stuff/GitRepos/DERN_NERD/photoComp/PhotoComp--React-Cypress/src/components/forms/AuthForm/AuthForm.tsx","statementMap":{"0":{"start":{"line":1,"column":0},"end":{"line":1,"column":26}},"1":{"start":{"line":2,"column":0},"end":{"line":2,"column":46}},"2":{"start":{"line":11,"column":42},"end":{"line":19,"column":1}},"3":{"start":{"line":12,"column":4},"end":{"line":18,"column":6}},"4":{"start":{"line":21,"column":0},"end":{"line":21,"column":24}}},"fnMap":{"0":{"name":"(anonymous_1)","decl":{"start":{"line":11,"column":42},"end":{"line":11,"column":43}},"loc":{"start":{"line":11,"column":83},"end":{"line":19,"column":1}}}},"branchMap":{"0":{"loc":{"start":{"line":15,"column":13},"end":{"line":15,"column":61}},"type":"binary-expr","locations":[{"start":{"line":15,"column":13},"end":{"line":15,"column":18}},{"start":{"line":15,"column":22},"end":{"line":15,"column":61}}]}},"s":{"0":0,"1":0,"2":0,"3":0,"4":0},"f":{"0":0},"b":{"0":[0,0]}}
,"/Users/chastlyregino/Documents/Tech Stuff/GitRepos/DERN_NERD/photoComp/PhotoComp--React-Cypress/src/components/forms/FormButton/FormButton.tsx": {"path":"/Users/chastlyregino/Documents/Tech Stuff/GitRepos/DERN_NERD/photoComp/PhotoComp--React-Cypress/src/components/forms/FormButton/FormButton.tsx","statementMap":{"0":{"start":{"line":1,"column":0},"end":{"line":1,"column":26}},"1":{"start":{"line":2,"column":0},"end":{"line":2,"column":41}},"2":{"start":{"line":13,"column":46},"end":{"line":35,"column":1}},"3":{"start":{"line":22,"column":26},"end":{"line":22,"column":54}},"4":{"start":{"line":23,"column":26},"end":{"line":23,"column":71}},"5":{"start":{"line":25,"column":4},"end":{"line":34,"column":6}},"6":{"start":{"line":37,"column":0},"end":{"line":37,"column":26}}},"fnMap":{"0":{"name":"(anonymous_1)","decl":{"start":{"line":13,"column":46},"end":{"line":13,"column":47}},"loc":{"start":{"line":20,"column":5},"end":{"line":35,"column":1}}}},"branchMap":{"0":{"loc":{"start":{"line":15,"column":4},"end":{"line":15,"column":18}},"type":"default-arg","locations":[{"start":{"line":15,"column":16},"end":{"line":15,"column":18}}]},"1":{"loc":{"start":{"line":16,"column":4},"end":{"line":16,"column":23}},"type":"default-arg","locations":[{"start":{"line":16,"column":14},"end":{"line":16,"column":23}}]},"2":{"loc":{"start":{"line":19,"column":4},"end":{"line":19,"column":20}},"type":"default-arg","locations":[{"start":{"line":19,"column":15},"end":{"line":19,"column":20}}]},"3":{"loc":{"start":{"line":22,"column":26},"end":{"line":22,"column":54}},"type":"cond-expr","locations":[{"start":{"line":22,"column":37},"end":{"line":22,"column":44}},{"start":{"line":22,"column":47},"end":{"line":22,"column":54}}]},"4":{"loc":{"start":{"line":23,"column":42},"end":{"line":23,"column":69}},"type":"cond-expr","locations":[{"start":{"line":23,"column":53},"end":{"line":23,"column":64}},{"start":{"line":23,"column":67},"end":{"line":23,"column":69}}]}},"s":{"0":0,"1":0,"2":0,"3":0,"4":0,"5":0,"6":0},"f":{"0":0},"b":{"0":[0],"1":[0],"2":[0],"3":[0,0],"4":[0,0]}}
,"/Users/chastlyregino/Documents/Tech Stuff/GitRepos/DERN_NERD/photoComp/PhotoComp--React-Cypress/src/components/forms/FormContainer/FormContainer.tsx": {"path":"/Users/chastlyregino/Documents/Tech Stuff/GitRepos/DERN_NERD/photoComp/PhotoComp--React-Cypress/src/components/forms/FormContainer/FormContainer.tsx","statementMap":{"0":{"start":{"line":1,"column":0},"end":{"line":1,"column":26}},"1":{"start":{"line":2,"column":0},"end":{"line":2,"column":54}},"2":{"start":{"line":8,"column":52},"end":{"line":21,"column":1}},"3":{"start":{"line":9,"column":4},"end":{"line":20,"column":6}},"4":{"start":{"line":23,"column":0},"end":{"line":23,"column":29}}},"fnMap":{"0":{"name":"(anonymous_1)","decl":{"start":{"line":8,"column":52},"end":{"line":8,"column":53}},"loc":{"start":{"line":8,"column":69},"end":{"line":21,"column":1}}}},"branchMap":{},"s":{"0":0,"1":0,"2":0,"3":0,"4":0},"f":{"0":0},"b":{}}
,"/Users/chastlyregino/Documents/Tech Stuff/GitRepos/DERN_NERD/photoComp/PhotoComp--React-Cypress/src/components/forms/FormInput/FormInput.tsx": {"path":"/Users/chastlyregino/Documents/Tech Stuff/GitRepos/DERN_NERD/photoComp/PhotoComp--React-Cypress/src/components/forms/FormInput/FormInput.tsx","statementMap":{"0":{"start":{"line":1,"column":0},"end":{"line":1,"column":26}},"1":{"start":{"line":2,"column":0},"end":{"line":2,"column":39}},"2":{"start":{"line":14,"column":44},"end":{"line":35,"column":1}},"3":{"start":{"line":23,"column":4},"end":{"line":34,"column":6}},"4":{"start":{"line":37,"column":0},"end":{"line":37,"column":25}}},"fnMap":{"0":{"name":"(anonymous_1)","decl":{"start":{"line":14,"column":44},"end":{"line":14,"column":45}},"loc":{"start":{"line":22,"column":5},"end":{"line":35,"column":1}}}},"branchMap":{"0":{"loc":{"start":{"line":20,"column":4},"end":{"line":20,"column":20}},"type":"default-arg","locations":[{"start":{"line":20,"column":15},"end":{"line":20,"column":20}}]},"1":{"loc":{"start":{"line":21,"column":4},"end":{"line":21,"column":18}},"type":"default-arg","locations":[{"start":{"line":21,"column":16},"end":{"line":21,"column":18}}]}},"s":{"0":0,"1":0,"2":0,"3":0,"4":0},"f":{"0":0},"b":{"0":[0],"1":[0]}}
,"/Users/chastlyregino/Documents/Tech Stuff/GitRepos/DERN_NERD/photoComp/PhotoComp--React-Cypress/src/components/forms/FormRow/FormRow.tsx": {"path":"/Users/chastlyregino/Documents/Tech Stuff/GitRepos/DERN_NERD/photoComp/PhotoComp--React-Cypress/src/components/forms/FormRow/FormRow.tsx","statementMap":{"0":{"start":{"line":1,"column":0},"end":{"line":1,"column":26}},"1":{"start":{"line":2,"column":0},"end":{"line":2,"column":43}},"2":{"start":{"line":8,"column":40},"end":{"line":18,"column":1}},"3":{"start":{"line":9,"column":4},"end":{"line":17,"column":6}},"4":{"start":{"line":12,"column":16},"end":{"line":12,"column":null}},"5":{"start":{"line":20,"column":0},"end":{"line":20,"column":23}}},"fnMap":{"0":{"name":"(anonymous_1)","decl":{"start":{"line":8,"column":40},"end":{"line":8,"column":41}},"loc":{"start":{"line":8,"column":57},"end":{"line":18,"column":1}}},"1":{"name":"(anonymous_2)","decl":{"start":{"line":11,"column":42},"end":{"line":11,"column":43}},"loc":{"start":{"line":12,"column":16},"end":{"line":12,"column":null}}}},"branchMap":{},"s":{"0":0,"1":0,"2":0,"3":0,"4":0,"5":0},"f":{"0":0,"1":0},"b":{}}
,"/Users/chastlyregino/Documents/Tech Stuff/GitRepos/DERN_NERD/photoComp/PhotoComp--React-Cypress/src/components/locationAutocomplete/LocationAutocomplete.tsx": {"path":"/Users/chastlyregino/Documents/Tech Stuff/GitRepos/DERN_NERD/photoComp/PhotoComp--React-Cypress/src/components/locationAutocomplete/LocationAutocomplete.tsx","statementMap":{"0":{"start":{"line":1,"column":0},"end":{"line":1,"column":59}},"1":{"start":{"line":2,"column":0},"end":{"line":2,"column":50}},"2":{"start":{"line":3,"column":0},"end":{"line":3,"column":26}},"3":{"start":{"line":21,"column":66},"end":{"line":133,"column":1}},"4":{"start":{"line":29,"column":40},"end":{"line":29,"column":55}},"5":{"start":{"line":30,"column":42},"end":{"line":30,"column":76}},"6":{"start":{"line":31,"column":50},"end":{"line":31,"column":65}},"7":{"start":{"line":32,"column":38},"end":{"line":32,"column":53}},"8":{"start":{"line":33,"column":23},"end":{"line":33,"column":51}},"9":{"start":{"line":35,"column":4},"end":{"line":45,"column":11}},"10":{"start":{"line":37,"column":12},"end":{"line":39,"column":13}},"11":{"start":{"line":38,"column":16},"end":{"line":38,"column":42}},"12":{"start":{"line":41,"column":8},"end":{"line":41,"column":67}},"13":{"start":{"line":42,"column":8},"end":{"line":44,"column":10}},"14":{"start":{"line":43,"column":12},"end":{"line":43,"column":74}},"15":{"start":{"line":47,"column":4},"end":{"line":59,"column":21}},"16":{"start":{"line":48,"column":32},"end":{"line":54,"column":15}},"17":{"start":{"line":49,"column":12},"end":{"line":53,"column":13}},"18":{"start":{"line":50,"column":16},"end":{"line":50,"column":45}},"19":{"start":{"line":52,"column":16},"end":{"line":52,"column":35}},"20":{"start":{"line":56,"column":8},"end":{"line":58,"column":10}},"21":{"start":{"line":57,"column":12},"end":{"line":57,"column":42}},"22":{"start":{"line":61,"column":29},"end":{"line":77,"column":5}},"23":{"start":{"line":62,"column":8},"end":{"line":62,"column":27}},"24":{"start":{"line":62,"column":20},"end":{"line":62,"column":27}},"25":{"start":{"line":64,"column":8},"end":{"line":64,"column":27}},"26":{"start":{"line":65,"column":8},"end":{"line":76,"column":9}},"27":{"start":{"line":66,"column":29},"end":{"line":67,"column":null}},"28":{"start":{"line":70,"column":12},"end":{"line":70,"column":42}},"29":{"start":{"line":71,"column":12},"end":{"line":71,"column":37}},"30":{"start":{"line":73,"column":12},"end":{"line":73,"column":73}},"31":{"start":{"line":75,"column":12},"end":{"line":75,"column":32}},"32":{"start":{"line":79,"column":30},"end":{"line":83,"column":5}},"33":{"start":{"line":80,"column":25},"end":{"line":80,"column":39}},"34":{"start":{"line":81,"column":8},"end":{"line":81,"column":32}},"35":{"start":{"line":82,"column":8},"end":{"line":82,"column":27}},"36":{"start":{"line":85,"column":35},"end":{"line":89,"column":5}},"37":{"start":{"line":86,"column":8},"end":{"line":86,"column":47}},"38":{"start":{"line":87,"column":8},"end":{"line":87,"column":42}},"39":{"start":{"line":88,"column":8},"end":{"line":88,"column":34}},"40":{"start":{"line":91,"column":4},"end":{"line":132,"column":6}},"41":{"start":{"line":120,"column":24},"end":{"line":121,"column":null}},"42":{"start":{"line":123,"column":43},"end":{"line":123,"column":77}},"43":{"start":{"line":135,"column":0},"end":{"line":135,"column":36}}},"fnMap":{"0":{"name":"(anonymous_10)","decl":{"start":{"line":21,"column":66},"end":{"line":21,"column":67}},"loc":{"start":{"line":28,"column":5},"end":{"line":133,"column":1}}},"1":{"name":"(anonymous_11)","decl":{"start":{"line":35,"column":14},"end":{"line":35,"column":17}},"loc":{"start":{"line":35,"column":19},"end":{"line":45,"column":5}}},"2":{"name":"handleClickOutside","decl":{"start":{"line":36,"column":17},"end":{"line":36,"column":35}},"loc":{"start":{"line":36,"column":53},"end":{"line":40,"column":9}}},"3":{"name":"(anonymous_13)","decl":{"start":{"line":42,"column":15},"end":{"line":42,"column":18}},"loc":{"start":{"line":42,"column":20},"end":{"line":44,"column":9}}},"4":{"name":"(anonymous_14)","decl":{"start":{"line":47,"column":14},"end":{"line":47,"column":17}},"loc":{"start":{"line":47,"column":19},"end":{"li
[...]
"start":{"line":71,"column":8},"end":{"line":84,"column":9}},"type":"if","locations":[{"start":{"line":71,"column":8},"end":{"line":84,"column":9}}]},"8":{"loc":{"start":{"line":76,"column":16},"end":{"line":78,"column":17}},"type":"if","locations":[{"start":{"line":76,"column":16},"end":{"line":78,"column":17}}]},"9":{"loc":{"start":{"line":88,"column":8},"end":{"line":98,"column":9}},"type":"if","locations":[{"start":{"line":88,"column":8},"end":{"line":98,"column":9}},{"start":{"line":96,"column":15},"end":{"line":98,"column":9}}]},"10":{"loc":{"start":{"line":88,"column":12},"end":{"line":88,"column":21}},"type":"binary-expr","locations":[{"start":{"line":88,"column":12},"end":{"line":88,"column":14}},{"start":{"line":88,"column":18},"end":{"line":88,"column":21}}]},"11":{"loc":{"start":{"line":102,"column":8},"end":{"line":111,"column":9}},"type":"if","locations":[{"start":{"line":102,"column":8},"end":{"line":111,"column":9}}]},"12":{"loc":{"start":{"line":102,"column":12},"end":{"line":102,"column":22}},"type":"binary-expr","locations":[{"start":{"line":102,"column":12},"end":{"line":102,"column":14}},{"start":{"line":102,"column":18},"end":{"line":102,"column":22}}]},"13":{"loc":{"start":{"line":116,"column":12},"end":{"line":116,"column":37}},"type":"if","locations":[{"start":{"line":116,"column":12},"end":{"line":116,"column":37}}]},"14":{"loc":{"start":{"line":116,"column":16},"end":{"line":116,"column":28}},"type":"binary-expr","locations":[{"start":{"line":116,"column":16},"end":{"line":116,"column":19}},{"start":{"line":116,"column":23},"end":{"line":116,"column":28}}]},"15":{"loc":{"start":{"line":118,"column":12},"end":{"line":120,"column":13}},"type":"if","locations":[{"start":{"line":118,"column":12},"end":{"line":120,"column":13}}]},"16":{"loc":{"start":{"line":127,"column":8},"end":{"line":136,"column":9}},"type":"if","locations":[{"start":{"line":127,"column":8},"end":{"line":136,"column":9}}]},"17":{"loc":{"start":{"line":127,"column":12},"end":{"line":127,"column":21}},"type":"binary-expr","locations":[{"start":{"line":127,"column":12},"end":{"line":127,"column":14}},{"start":{"line":127,"column":18},"end":{"line":127,"column":21}}]},"18":{"loc":{"start":{"line":140,"column":8},"end":{"line":154,"column":9}},"type":"if","locations":[{"start":{"line":140,"column":8},"end":{"line":154,"column":9}}]},"19":{"loc":{"start":{"line":140,"column":12},"end":{"line":140,"column":29}},"type":"binary-expr","locations":[{"start":{"line":140,"column":12},"end":{"line":140,"column":14}},{"start":{"line":140,"column":18},"end":{"line":140,"column":21}},{"start":{"line":140,"column":25},"end":{"line":140,"column":29}}]},"20":{"loc":{"start":{"line":143,"column":16},"end":{"line":150,"column":17}},"type":"if","locations":[{"start":{"line":143,"column":16},"end":{"line":150,"column":17}}]},"21":{"loc":{"start":{"line":147,"column":20},"end":{"line":149,"column":21}},"type":"if","locations":[{"start":{"line":147,"column":20},"end":{"line":149,"column":21}}]},"22":{"loc":{"start":{"line":158,"column":8},"end":{"line":158,"column":41}},"type":"if","locations":[{"start":{"line":158,"column":8},"end":{"line":158,"column":41}}]},"23":{"loc":{"start":{"line":158,"column":12},"end":{"line":158,"column":32}},"type":"binary-expr","locations":[{"start":{"line":158,"column":12},"end":{"line":158,"column":15}},{"start":{"line":158,"column":19},"end":{"line":158,"column":23}},{"start":{"line":158,"column":27},"end":{"line":158,"column":32}}]},"24":{"loc":{"start":{"line":161,"column":12},"end":{"line":163,"column":13}},"type":"if","locations":[{"start":{"line":161,"column":12},"end":{"line":163,"column":13}}]},"25":{"loc":{"start":{"line":161,"column":16},"end":{"line":161,"column":41}},"type":"cond-expr","locations":[{"start":{"line":161,"column":30},"end":{"line":161,"column":32}},{"start":{"line":161,"column":30},"end":{"line":161,"column":41}}]},"26":{"loc":{"start":{"line":161,"column":16},"end":{"line":161,"column":32}},"type":"binary-expr","locations":[{"start":{"line":161,"column":16},"end":{"line":161,"column":32}},{"start":{"line":161,"column":30},"end":{"line":161,"column":32}}]},"27":{"loc":{"start":{"line":161,"column":16},"end":{"line":161,"column":30}},"type":"cond-expr","locations":[{"start":{"line":161,"column":24},"end":{"line":161,"column":26}},{"start":{"line":161,"column":16},"end":{"line":161,"column":30}}]},"28":{"loc":{"start":{"line":161,"column":16},"end":{"line":161,"column":26}},"type":"binary-expr","locations":[{"start":{"line":161,"column":16},"end":{"line":161,"column":26}},{"start":{"line":161,"column":16},"end":{"line":161,"column":26}}]},"29":{"loc":{"start":{"line":171,"column":8},"end":{"line":171,"column":32}},"type":"if","locations":[{"start":{"line":171,"column":8},"end":{"line":171,"column":32}}]},"30":{"loc":{"start":{"line":171,"column":12},"end":{"line":171,"column":23}},"type":"binary-expr","locations":[{"start":{"line":171,"column":12},"end":{"line":171,"column":15}},{"start":{"line":171,"column":19},"end":{"line":171,"column":23}}]},"31":{"loc":{"start":{"line":175,"column":12},"end":{"line":177,"column":13}},"type":"if","locations":[{"start":{"line":175,"column":12},"end":{"line":177,"column":13}}]},"32":{"loc":{"start":{"line":175,"column":16},"end":{"line":175,"column":60}},"type":"binary-expr","locations":[{"start":{"line":175,"column":16},"end":{"line":175,"column":21}},{"start":{"line":175,"column":25},"end":{"line":175,"column":60}}]},"33":{"loc":{"start":{"line":196,"column":13},"end":{"line":203,"column":null}},"type":"binary-expr","locations":[{"start":{"line":196,"column":13},"end":{"line":196,"column":24}},{"start":{"line":197,"column":16},"end":{"line":200,"column":null}}]},"34":{"loc":{"start":{"line":216,"column":13},"end":{"line":222,"column":null}},"type":"binary-expr","locations":[{"start":{"line":216,"column":13},"end":{"line":216,"column":29}},{"start":{"line":216,"column":33},"end":{"line":216,"column":42}},{"start":{"line":217,"column":16},"end":{"line":219,"column":null}}]},"35":{"loc":{"start":{"line":224,"column":13},"end":{"line":230,"column":null}},"type":"binary-expr","locations":[{"start":{"line":224,"column":13},"end":{"line":224,"column":29}},{"start":{"line":224,"column":33},"end":{"line":224,"column":41}},{"start":{"line":225,"column":16},"end":{"line":227,"column":null}}]},"36":{"loc":{"start":{"line":232,"column":13},"end":{"line":250,"column":18}},"type":"binary-expr","locations":[{"start":{"line":232,"column":13},"end":{"line":232,"column":17}},{"start":{"line":233,"column":16},"end":{"line":233,"column":21}},{"start":{"line":234,"column":17},"end":{"line":249,"column":null}}]},"37":{"loc":{"start":{"line":234,"column":17},"end":{"line":249,"column":null}},"type":"cond-expr","locations":[{"start":{"line":235,"column":20},"end":{"line":238,"column":null}},{"start":{"line":246,"column":20},"end":{"line":249,"column":null}}]},"38":{"loc":{"start":{"line":240,"column":25},"end":{"line":243,"column":null}},"type":"cond-expr","locations":[{"start":{"line":241,"column":28},"end":{"line":241,"column":57}},{"start":{"line":243,"column":28},"end":{"line":243,"column":55}}]},"39":{"loc":{"start":{"line":246,"column":20},"end":{"line":249,"column":null}},"type":"cond-expr","locations":[{"start":{"line":247,"column":20},"end":{"line":247,"column":49}},{"start":{"line":249,"column":20},"end":{"line":249,"column":47}}]},"40":{"loc":{"start":{"line":270,"column":40},"end":{"line":270,"column":91}},"type":"binary-expr","locations":[{"start":{"line":270,"column":40},"end":{"line":270,"column":56}},{"start":{"line":270,"column":60},"end":{"line":270,"column":91}}]},"41":{"loc":{"start":{"line":270,"column":40},"end":{"line":270,"column":56}},"type":"cond-expr","locations":[{"start":{"line":270,"column":49},"end":{"line":270,"column":51}},{"start":{"line":270,"column":40},"end":{"line":270,"column":56}}]},"42":{"loc":{"start":{"line":270,"column":40},"end":{"line":270,"column":51}},"type":"binary-expr","locations":[{"start":{"line":270,"column":40},"end":{"line":270,"column":51}},{"start":{"line":270,"column":40},"end":{"line":270,"column":51}}]},"43":{"loc":{"start":{"line":278,"column":25},"end":{"line":281,"column":null}},"type":"binary-expr","locations":[{"start":{"line":278,"column":25},"end":{"line":278,"column":30}},{"start":{"line":279,"column":28},"end":{"line":280,"column":null}}]},"44":{"loc":{"start":{"line":283,"column":25},"end":{"line":299,"column":null}},"type":"cond-expr","locations":[{"start":{"line":284,"column":28},"end":{"line":285,"column":null}},{"start":{"line":288,"column":28},"end":{"line":299,"column":30}}]}},"s":{"0":0,"1":0,"2":0,"3":0,"4":0,"5":0,"6":0,"7":0,"8":0,"9":0,"10":0,"11":0,"12":0,"13":0,"14":0,"15":0,"16":0,"17":0,"18":0,"19":0,"20":0,"21":0,"22":0,"23":0,"24":0,"25":0,"26":0,"27":0,"28":0,"29":0,"30":0,"31":0,"32":0,"33":0,"34":0,"35":0,"36":0,"37":0,"38":0,"39":0,"40":0,"41":0,"42":0,"43":0,"44":0,"45":0,"46":0,"47":0,"48":0,"49":0,"50":0,"51":0,"52":0,"53":0,"54":0,"55":0,"56":0,"57":0,"58":0,"59":0,"60":0,"61":0,"62":0,"63":0,"64":0,"65":0,"66":0,"67":0,"68":0,"69":0,"70":0,"71":0,"72":0,"73":0,"74":0,"75":0,"76":0,"77":0,"78":0,"79":0,"80":0,"81":0,"82":0,"83":0,"84":0,"85":0,"86":0,"87":0,"88":0,"89":0,"90":0,"91":0,"92":0,"93":0,"94":0,"95":0,"96":0,"97":0,"98":0,"99":0,"100":0,"101":0,"102":0,"103":0,"104":0,"105":0,"106":0,"107":0,"108":0,"109":0,"110":0,"111":0,"112":0,"113":0,"114":0,"115":0,"116":0,"117":0,"118":0,"119":0,"120":0,"121":0,"122":0,"123":0,"124":0,"125":0,"126":0,"127":0,"128":0,"129":0,"130":0,"131":0,"132":0,"133":0,"134":0,"135":0,"136":0,"137":0},"f":{"0":0,"1":0,"2":0,"3":0,"4":0,"5":0,"6":0,"7":0,"8":0,"9":0,"10":0,"11":0,"12":0,"13":0,"14":0,"15":0,"16":0,"17":0,"18":0,"19":0,"20":0,"21":0,"22":0},"b":{"0":[0],"1":[0,0],"2":[0,0],"3":[0,0],"4":[0,0],"5":[0,0],"6":[0,0],"7":[0],"8":[0],"9":[0,0],"10":[0,0],"11":[0],"12":[0,0],"13":[0],"14":[0,0],"15":[0],"16":[0],"17":[0,0],"18":[0],"19":[0,0,0],"20":[0],"21":[0],"22":[0],"23":[0,0,0],"24":[0],"25":[0,0],"26":[0,0],"27":[0,0],"28":[0,0],"29":[0],"30":[0,0],"31":[0],"32":[0,0],"33":[0,0],"34":[0,0,0],"35":[0,0,0],"36":[0,0,0],"37":[0,0],"38":[0,0],"39":[0,0],"40":[0,0],"41":[0,0],"42":[0,0],"43":[0,0],"44":[0,0]}}
,"/Users/chastlyregino/Documents/Tech Stuff/GitRepos/DERN_NERD/photoComp/PhotoComp--React-Cypress/src/pages/Register/Register.tsx": {"path":"/Users/chastlyregino/Documents/Tech Stuff/GitRepos/DERN_NERD/photoComp/PhotoComp--React-Cypress/src/pages/Register/Register.tsx","statementMap":{"0":{"start":{"line":2,"column":0},"end":{"line":2,"column":52}},"1":{"start":{"line":3,"column":0},"end":{"line":3,"column":45}},"2":{"start":{"line":4,"column":0},"end":{"line":4,"column":56}},"3":{"start":{"line":5,"column":0},"end":{"line":5,"column":57}},"4":{"start":{"line":6,"column":0},"end":{"line":6,"column":50}},"5":{"start":{"line":8,"column":0},"end":{"line":8,"column":79}},"6":{"start":{"line":9,"column":0},"end":{"line":9,"column":64}},"7":{"start":{"line":10,"column":0},"end":{"line":10,"column":67}},"8":{"start":{"line":11,"column":0},"end":{"line":11,"column":70}},"9":{"start":{"line":12,"column":0},"end":{"line":12,"column":61}},"10":{"start":{"line":15,"column":27},"end":{"line":121,"column":1}},"11":{"start":{"line":16,"column":20},"end":{"line":16,"column":43}},"12":{"start":{"line":17,"column":21},"end":{"line":17,"column":34}},"13":{"start":{"line":19,"column":36},"end":{"line":24,"column":6}},"14":{"start":{"line":26,"column":30},"end":{"line":26,"column":59}},"15":{"start":{"line":28,"column":25},"end":{"line":34,"column":5}},"16":{"start":{"line":29,"column":30},"end":{"line":29,"column":38}},"17":{"start":{"line":30,"column":8},"end":{"line":33,"column":12}},"18":{"start":{"line":30,"column":28},"end":{"line":32,"column":null}},"19":{"start":{"line":36,"column":25},"end":{"line":61,"column":5}},"20":{"start":{"line":37,"column":8},"end":{"line":37,"column":27}},"21":{"start":{"line":38,"column":57},"end":{"line":38,"column":65}},"22":{"start":{"line":40,"column":8},"end":{"line":43,"column":9}},"23":{"start":{"line":41,"column":12},"end":{"line":41,"column":50}},"24":{"start":{"line":42,"column":12},"end":{"line":42,"column":19}},"25":{"start":{"line":44,"column":8},"end":{"line":44,"column":23}},"26":{"start":{"line":46,"column":8},"end":{"line":60,"column":9}},"27":{"start":{"line":47,"column":29},"end":{"line":47,"column":89}},"28":{"start":{"line":48,"column":26},"end":{"line":48,"column":50}},"29":{"start":{"line":49,"column":25},"end":{"line":49,"column":48}},"30":{"start":{"line":51,"column":12},"end":{"line":51,"column":49}},"31":{"start":{"line":52,"column":12},"end":{"line":52,"column":63}},"32":{"start":{"line":54,"column":12},"end":{"line":54,"column":37}},"33":{"start":{"line":55,"column":12},"end":{"line":55,"column":35}},"34":{"start":{"line":56,"column":12},"end":{"line":56,"column":26}},"35":{"start":{"line":58,"column":12},"end":{"line":58,"column":33}},"36":{"start":{"line":59,"column":12},"end":{"line":59,"column":45}},"37":{"start":{"line":63,"column":4},"end":{"line":120,"column":6}},"38":{"start":{"line":115,"column":57},"end":{"line":115,"column":75}},"39":{"start":{"line":123,"column":0},"end":{"line":123,"column":24}}},"fnMap":{"0":{"name":"(anonymous_1)","decl":{"start":{"line":15,"column":27},"end":{"line":15,"column":30}},"loc":{"start":{"line":15,"column":32},"end":{"line":121,"column":1}}},"1":{"name":"(anonymous_2)","decl":{"start":{"line":28,"column":25},"end":{"line":28,"column":26}},"loc":{"start":{"line":28,"column":68},"end":{"line":34,"column":5}}},"2":{"name":"(anonymous_3)","decl":{"start":{"line":30,"column":20},"end":{"line":30,"column":24}},"loc":{"start":{"line":30,"column":28},"end":{"line":32,"column":null}}},"3":{"name":"(anonymous_4)","decl":{"start":{"line":36,"column":25},"end":{"line":36,"column":30}},"loc":{"start":{"line":36,"column":71},"end":{"line":61,"column":5}}},"4":{"name":"(anonymous_5)","decl":{"start":{"line":115,"column":51},"end":{"line":115,"column":54}},"loc":{"start":{"line":115,"column":57},"end":{"line":115,"column":75}}}},"branchMap":{"0":{"loc":{"start":{"line":40,"column":8},"end":{"line":43,"column":9}},"type":"if","locations":[{"start":{"line":40,"column":8},"end":{"line":43,"column":9}}]},"1":{"loc":{"start":{"line":40,"column":12},"end":{"line":40,"column":58}},"type":"binary-expr","locations":[{"start":{"line":40,"column":12},"end":{"line":40,"column":18}},{"start":{"line":40,"column":22},"end":{"line":40,"column":31}},{"start":{"line":40,"column":35},"end":{"line":40,"column":45}},{"start":{"line":40,"column":49},"end":{"line":40,"column":58}}]},"2":{"loc":{"start":{"line":54,"column":12},"end":{"line":54,"column":36}},"type":"cond-expr","locations":[{"start":{"line":54,"column":19},"end":{"line":54,"column":21}},{"start":{"line":54,"column":12},"end":{"line":54,"column":36}}]},"3":{"loc":{"start":{"line":54,"column":12},"end":{"line":54,"column":21}},"type":"binary-expr","locations":[{"start":{"line":54,"column":12},"end":{"line":54,"column":21}},{"start":{"line":54,"column":12},"end":{"line":54,"column":21}}]},"4":{"loc":{"start":{"line":55,"column":12},"end":{"line":55,"column":34}},"type":"cond-expr","locations":[{"start":{"line":55,"column":19},"end":{"line":55,"column":21}},{"start":{"line":55,"column":12},"end":{"line":55,"column":34}}]},"5":{"loc":{"start":{"line":55,"column":12},"end":{"line":55,"column":21}},"type":"binary-expr","locations":[{"start":{"line":55,"column":12},"end":{"line":55,"column":21}},{"start":{"line":55,"column":12},"end":{"line":55,"column":21}}]}},"s":{"0":0,"1":0,"2":0,"3":0,"4":0,"5":0,"6":0,"7":0,"8":0,"9":0,"10":0,"11":0,"12":0,"13":0,"14":0,"15":0,"16":0,"17":0,"18":0,"19":0,"20":0,"21":0,"22":0,"23":0,"24":0,"25":0,"26":0,"27":0,"28":0,"29":0,"30":0,"31":0,"32":0,"33":0,"34":0,"35":0,"36":0,"37":0,"38":0,"39":0},"f":{"0":0,"1":0,"2":0,"3":0,"4":0},"b":{"0":[0],"1":[0,0,0,0],"2":[0,0],"3":[0,0],"4":[0,0],"5":[0,0]}}
,"/Users/chastlyregino/Documents/Tech Stuff/GitRepos/DERN_NERD/photoComp/PhotoComp--React-Cypress/src/utils/axios.tsx": {"path":"/Users/chastlyregino/Documents/Tech Stuff/GitRepos/DERN_NERD/photoComp/PhotoComp--React-Cypress/src/utils/axios.tsx","statementMap":{"0":{"start":{"line":1,"column":0},"end":{"line":1,"column":26}},"1":{"start":{"line":3,"column":23},"end":{"line":9,"column":2}},"2":{"start":{"line":11,"column":13},"end":{"line":11,"column":59}},"3":{"start":{"line":13,"column":22},"end":{"line":13,"column":50}},"4":{"start":{"line":15,"column":0},"end":{"line":24,"column":2}},"5":{"start":{"line":17,"column":22},"end":{"line":17,"column":51}},"6":{"start":{"line":18,"column":8},"end":{"line":20,"column":9}},"7":{"start":{"line":19,"column":12},"end":{"line":19,"column":61}},"8":{"start":{"line":21,"column":8},"end":{"line":21,"column":22}},"9":{"start":{"line":23,"column":13},"end":{"line":23,"column":34}},"10":{"start":{"line":26,"column":0},"end":{"line":32,"column":2}},"11":{"start":{"line":27,"column":16},"end":{"line":27,"column":24}},"12":{"start":{"line":29,"column":8},"end":{"line":29,"column":43}},"13":{"start":{"line":30,"column":8},"end":{"line":30,"column":37}},"14":{"start":{"line":34,"column":0},"end":{"line":34,"column":29}}},"fnMap":{"0":{"name":"(anonymous_1)","decl":{"start":{"line":16,"column":4},"end":{"line":16,"column":10}},"loc":{"start":{"line":16,"column":13},"end":{"line":22,"column":5}}},"1":{"name":"(anonymous_2)","decl":{"start":{"line":23,"column":4},"end":{"line":23,"column":9}},"loc":{"start":{"line":23,"column":13},"end":{"line":23,"column":34}}},"2":{"name":"(anonymous_3)","decl":{"start":{"line":27,"column":4},"end":{"line":27,"column":12}},"loc":{"start":{"line":27,"column":16},"end":{"line":27,"column":24}}},"3":{"name":"(anonymous_4)","decl":{"start":{"line":28,"column":4},"end":{"line":28,"column":9}},"loc":{"start":{"line":28,"column":12},"end":{"line":31,"column":5}}}},"branchMap":{"0":{"loc":{"start":{"line":18,"column":8},"end":{"line":20,"column":9}},"type":"if","locations":[{"start":{"line":18,"column":8},"end":{"line":20,"column":9}}]}},"s":{"0":2,"1":2,"2":2,"3":2,"4":2,"5":0,"6":0,"7":0,"8":0,"9":0,"10":2,"11":0,"12":0,"13":0,"14":2},"f":{"0":0,"1":0,"2":0,"3":0},"b":{"0":[0]}}
,"/Users/chastlyregino/Documents/Tech Stuff/GitRepos/DERN_NERD/photoComp/PhotoComp--React-Cypress/src/utils/test-utils.tsx": {"path":"/Users/chastlyregino/Documents/Tech Stuff/GitRepos/DERN_NERD/photoComp/PhotoComp--React-Cypress/src/utils/test-utils.tsx","statementMap":{"0":{"start":{"line":36,"column":0},"end":{"line":36,"column":16}},"1":{"start":{"line":1,"column":0},"end":{"line":1,"column":44}},"2":{"start":{"line":2,"column":0},"end":{"line":2,"column":63}},"3":{"start":{"line":3,"column":0},"end":{"line":3,"column":48}},"4":{"start":{"line":6,"column":0},"end":{"line":6,"column":70}},"5":{"start":{"line":16,"column":41},"end":{"line":22,"column":2}},"6":{"start":{"line":38,"column":48},"end":{"line":38,"column":53}},"7":{"start":{"line":38,"column":66},"end":{"line":38,"column":92}},"8":{"start":{"line":40,"column":4},"end":{"line":45,"column":6}}},"fnMap":{"0":{"name":"renderWithRouter","decl":{"start":{"line":36,"column":16},"end":{"line":36,"column":32}},"loc":{"start":{"line":38,"column":94},"end":{"line":46,"column":1}}}},"branchMap":{"0":{"loc":{"start":{"line":38,"column":4},"end":{"line":38,"column":94}},"type":"default-arg","locations":[{"start":{"line":38,"column":92},"end":{"line":38,"column":94}}]},"1":{"loc":{"start":{"line":38,"column":6},"end":{"line":38,"column":17}},"type":"default-arg","locations":[{"start":{"line":38,"column":14},"end":{"line":38,"column":17}}]},"2":{"loc":{"start":{"line":38,"column":19},"end":{"line":38,"column":48}},"type":"default-arg","locations":[{"start":{"line":38,"column":33},"end":{"line":38,"column":48}}]}},"s":{"0":1,"1":1,"2":1,"3":1,"4":1,"5":1,"6":2,"7":2,"8":2},"f":{"0":2},"b":{"0":[0],"1":[0],"2":[2]}}
}
